<?xml version="1.0" encoding="UTF-8"?>
<coverage generated="1753891510">
  <project timestamp="1753891510">
    <file name="/var/www/html/wp-content/plugins/onecom-themes-plugins/inc/api-hooks.php">
      <line num="46" type="stmt" count="0"/>
      <line num="48" type="stmt" count="0"/>
      <line num="49" type="stmt" count="0"/>
      <line num="52" type="stmt" count="0"/>
      <line num="54" type="stmt" count="0"/>
      <line num="55" type="stmt" count="0"/>
      <line num="57" type="stmt" count="0"/>
      <line num="60" type="stmt" count="0"/>
      <line num="61" type="stmt" count="0"/>
      <line num="70" type="stmt" count="2"/>
      <line num="71" type="stmt" count="2"/>
      <line num="74" type="stmt" count="0"/>
      <line num="75" type="stmt" count="0"/>
      <line num="83" type="stmt" count="7"/>
      <line num="85" type="stmt" count="0"/>
      <line num="86" type="stmt" count="0"/>
      <line num="90" type="stmt" count="0"/>
      <line num="92" type="stmt" count="7"/>
      <line num="94" type="stmt" count="0"/>
      <line num="95" type="stmt" count="0"/>
      <line num="99" type="stmt" count="0"/>
      <line num="109" type="stmt" count="0"/>
      <line num="110" type="stmt" count="0"/>
      <line num="113" type="stmt" count="0"/>
      <line num="114" type="stmt" count="0"/>
      <line num="117" type="stmt" count="0"/>
      <line num="118" type="stmt" count="0"/>
      <line num="119" type="stmt" count="0"/>
      <line num="123" type="stmt" count="0"/>
      <line num="126" type="stmt" count="0"/>
      <line num="127" type="stmt" count="0"/>
      <metrics loc="131" ncloc="107" classes="0" methods="0" coveredmethods="0" conditionals="0" coveredconditionals="0" statements="31" coveredstatements="4" elements="31" coveredelements="4"/>
    </file>
    <file name="/var/www/html/wp-content/plugins/onecom-themes-plugins/inc/class-onecom-shortcuts.php">
      <class name="Onecom_Shortcuts" namespace="global">
        <metrics complexity="30" methods="17" coveredmethods="11" conditionals="0" coveredconditionals="0" statements="193" coveredstatements="155" elements="210" coveredelements="166"/>
      </class>
      <line num="32" type="method" name="__construct" visibility="public" complexity="2" crap="2" count="68"/>
      <line num="33" type="stmt" count="68"/>
      <line num="34" type="stmt" count="68"/>
      <line num="35" type="stmt" count="68"/>
      <line num="36" type="stmt" count="68"/>
      <line num="37" type="stmt" count="68"/>
      <line num="38" type="stmt" count="68"/>
      <line num="39" type="stmt" count="68"/>
      <line num="40" type="stmt" count="68"/>
      <line num="41" type="stmt" count="68"/>
      <line num="43" type="stmt" count="68"/>
      <line num="45" type="stmt" count="68"/>
      <line num="46" type="stmt" count="68"/>
      <line num="47" type="stmt" count="68"/>
      <line num="48" type="stmt" count="68"/>
      <line num="49" type="stmt" count="68"/>
      <line num="50" type="stmt" count="68"/>
      <line num="51" type="stmt" count="68"/>
      <line num="52" type="stmt" count="68"/>
      <line num="53" type="stmt" count="68"/>
      <line num="54" type="stmt" count="68"/>
      <line num="61" type="method" name="osch_widget_cb" visibility="public" complexity="4" crap="20" count="0"/>
      <line num="63" type="stmt" count="0"/>
      <line num="65" type="stmt" count="0"/>
      <line num="66" type="stmt" count="0"/>
      <line num="68" type="stmt" count="0"/>
      <line num="69" type="stmt" count="0"/>
      <line num="70" type="stmt" count="0"/>
      <line num="72" type="stmt" count="0"/>
      <line num="73" type="stmt" count="0"/>
      <line num="75" type="stmt" count="0"/>
      <line num="76" type="stmt" count="0"/>
      <line num="77" type="stmt" count="0"/>
      <line num="79" type="stmt" count="0"/>
      <line num="80" type="stmt" count="0"/>
      <line num="81" type="stmt" count="0"/>
      <line num="82" type="stmt" count="0"/>
      <line num="83" type="stmt" count="0"/>
      <line num="84" type="stmt" count="0"/>
      <line num="85" type="stmt" count="0"/>
      <line num="94" type="method" name="ocsh_widget_cb" visibility="public" complexity="7" crap="8.63" count="2"/>
      <line num="96" type="stmt" count="2"/>
      <line num="97" type="stmt" count="2"/>
      <line num="98" type="stmt" count="2"/>
      <line num="99" type="stmt" count="2"/>
      <line num="100" type="stmt" count="2"/>
      <line num="101" type="stmt" count="2"/>
      <line num="102" type="stmt" count="2"/>
      <line num="103" type="stmt" count="2"/>
      <line num="104" type="stmt" count="2"/>
      <line num="105" type="stmt" count="2"/>
      <line num="106" type="stmt" count="0"/>
      <line num="107" type="stmt" count="0"/>
      <line num="108" type="stmt" count="0"/>
      <line num="109" type="stmt" count="0"/>
      <line num="111" type="stmt" count="0"/>
      <line num="114" type="stmt" count="2"/>
      <line num="116" type="stmt" count="2"/>
      <line num="117" type="stmt" count="2"/>
      <line num="118" type="stmt" count="2"/>
      <line num="120" type="stmt" count="2"/>
      <line num="121" type="stmt" count="0"/>
      <line num="123" type="stmt" count="0"/>
      <line num="125" type="stmt" count="0"/>
      <line num="128" type="stmt" count="0"/>
      <line num="130" type="stmt" count="2"/>
      <line num="132" type="stmt" count="2"/>
      <line num="133" type="stmt" count="2"/>
      <line num="136" type="stmt" count="2"/>
      <line num="146" type="method" name="render_html" visibility="public" complexity="2" crap="2" count="2"/>
      <line num="148" type="stmt" count="2"/>
      <line num="149" type="stmt" count="2"/>
      <line num="150" type="stmt" count="2"/>
      <line num="151" type="stmt" count="2"/>
      <line num="154" type="stmt" count="2"/>
      <line num="155" type="stmt" count="2"/>
      <line num="156" type="stmt" count="2"/>
      <line num="157" type="stmt" count="2"/>
      <line num="159" type="stmt" count="2"/>
      <line num="160" type="stmt" count="2"/>
      <line num="161" type="stmt" count="1"/>
      <line num="163" type="stmt" count="1"/>
      <line num="168" type="stmt" count="2"/>
      <line num="169" type="stmt" count="2"/>
      <line num="170" type="stmt" count="2"/>
      <line num="171" type="stmt" count="2"/>
      <line num="181" type="method" name="oc_dashboard_non_mwp_links" visibility="public" complexity="1" crap="1" count="2"/>
      <line num="183" type="stmt" count="2"/>
      <line num="184" type="stmt" count="2"/>
      <line num="185" type="stmt" count="2"/>
      <line num="186" type="stmt" count="2"/>
      <line num="187" type="stmt" count="2"/>
      <line num="188" type="stmt" count="2"/>
      <line num="189" type="stmt" count="2"/>
      <line num="190" type="stmt" count="2"/>
      <line num="191" type="stmt" count="2"/>
      <line num="192" type="stmt" count="2"/>
      <line num="199" type="stmt" count="2"/>
      <line num="200" type="stmt" count="2"/>
      <line num="201" type="stmt" count="2"/>
      <line num="202" type="stmt" count="2"/>
      <line num="203" type="stmt" count="2"/>
      <line num="204" type="stmt" count="2"/>
      <line num="211" type="stmt" count="2"/>
      <line num="212" type="stmt" count="2"/>
      <line num="213" type="stmt" count="2"/>
      <line num="214" type="stmt" count="2"/>
      <line num="215" type="stmt" count="2"/>
      <line num="222" type="stmt" count="2"/>
      <line num="223" type="stmt" count="2"/>
      <line num="224" type="stmt" count="2"/>
      <line num="225" type="stmt" count="2"/>
      <line num="226" type="stmt" count="2"/>
      <line num="227" type="stmt" count="2"/>
      <line num="234" type="stmt" count="2"/>
      <line num="235" type="stmt" count="2"/>
      <line num="236" type="stmt" count="2"/>
      <line num="237" type="stmt" count="2"/>
      <line num="238" type="stmt" count="2"/>
      <line num="239" type="stmt" count="2"/>
      <line num="247" type="method" name="oc_dashboard_mwp_links" visibility="public" complexity="1" crap="1" count="2"/>
      <line num="249" type="stmt" count="2"/>
      <line num="250" type="stmt" count="2"/>
      <line num="251" type="stmt" count="2"/>
      <line num="252" type="stmt" count="2"/>
      <line num="253" type="stmt" count="2"/>
      <line num="254" type="stmt" count="2"/>
      <line num="255" type="stmt" count="2"/>
      <line num="256" type="stmt" count="2"/>
      <line num="257" type="stmt" count="2"/>
      <line num="258" type="stmt" count="2"/>
      <line num="265" type="stmt" count="2"/>
      <line num="266" type="stmt" count="2"/>
      <line num="267" type="stmt" count="2"/>
      <line num="268" type="stmt" count="2"/>
      <line num="269" type="stmt" count="2"/>
      <line num="270" type="stmt" count="2"/>
      <line num="277" type="stmt" count="2"/>
      <line num="278" type="stmt" count="2"/>
      <line num="279" type="stmt" count="2"/>
      <line num="280" type="stmt" count="2"/>
      <line num="281" type="stmt" count="2"/>
      <line num="288" type="stmt" count="2"/>
      <line num="289" type="stmt" count="2"/>
      <line num="290" type="stmt" count="2"/>
      <line num="291" type="stmt" count="2"/>
      <line num="292" type="stmt" count="2"/>
      <line num="293" type="stmt" count="2"/>
      <line num="306" type="method" name="oc_themes_button" visibility="public" complexity="1" crap="1" count="1"/>
      <line num="308" type="stmt" count="1"/>
      <line num="309" type="stmt" count="1"/>
      <line num="311" type="stmt" count="1"/>
      <line num="319" type="method" name="oc_plugins_button" visibility="public" complexity="1" crap="1" count="1"/>
      <line num="321" type="stmt" count="1"/>
      <line num="323" type="stmt" count="1"/>
      <line num="331" type="method" name="oc_cookie_banner_button" visibility="public" complexity="1" crap="1" count="1"/>
      <line num="333" type="stmt" count="1"/>
      <line num="335" type="stmt" count="1"/>
      <line num="347" type="method" name="oc_append_buttons" visibility="public" complexity="3" crap="3.01" count="4"/>
      <line num="349" type="stmt" count="4"/>
      <line num="351" type="stmt" count="3"/>
      <line num="352" type="stmt" count="3"/>
      <line num="353" type="stmt" count="3"/>
      <line num="354" type="stmt" count="3"/>
      <line num="355" type="stmt" count="3"/>
      <line num="358" type="stmt" count="0"/>
      <line num="368" type="stmt" count="1"/>
      <line num="369" type="stmt" count="1"/>
      <line num="370" type="stmt" count="1"/>
      <line num="371" type="stmt" count="1"/>
      <line num="383" type="method" name="oc_staging_button" visibility="public" complexity="1" crap="1" count="1"/>
      <line num="385" type="stmt" count="1"/>
      <line num="386" type="stmt" count="1"/>
      <line num="388" type="stmt" count="1"/>
      <line num="394" type="method" name="tools_page_staging_box" visibility="public" complexity="1" crap="2" count="0"/>
      <line num="395" type="stmt" count="0"/>
      <line num="396" type="stmt" count="0"/>
      <line num="397" type="stmt" count="0"/>
      <line num="398" type="stmt" count="0"/>
      <line num="406" type="method" name="tools_page_health_monitor_box" visibility="public" complexity="1" crap="2" count="0"/>
      <line num="407" type="stmt" count="0"/>
      <line num="408" type="stmt" count="0"/>
      <line num="409" type="stmt" count="0"/>
      <line num="410" type="stmt" count="0"/>
      <line num="418" type="method" name="tools_page_content_render_html" visibility="public" complexity="1" crap="1" count="1"/>
      <line num="419" type="stmt" count="1"/>
      <line num="420" type="stmt" count="1"/>
      <line num="421" type="stmt" count="1"/>
      <line num="422" type="stmt" count="1"/>
      <line num="423" type="stmt" count="1"/>
      <line num="430" type="method" name="oc_button_css" visibility="public" complexity="1" crap="2" count="0"/>
      <line num="432" type="stmt" count="0"/>
      <line num="772" type="stmt" count="0"/>
      <line num="782" type="method" name="oc_cookie_banner_box" visibility="public" complexity="1" crap="1" count="1"/>
      <line num="784" type="stmt" count="1"/>
      <line num="785" type="stmt" count="1"/>
      <line num="786" type="stmt" count="1"/>
      <line num="789" type="stmt" count="1"/>
      <line num="790" type="stmt" count="1"/>
      <line num="791" type="stmt" count="1"/>
      <line num="792" type="stmt" count="1"/>
      <line num="793" type="stmt" count="1"/>
      <line num="794" type="stmt" count="1"/>
      <line num="795" type="stmt" count="1"/>
      <line num="807" type="method" name="oc_site_health_info" visibility="public" complexity="1" crap="1" count="1"/>
      <line num="808" type="stmt" count="1"/>
      <line num="810" type="stmt" count="1"/>
      <line num="811" type="stmt" count="1"/>
      <line num="812" type="stmt" count="1"/>
      <line num="813" type="stmt" count="1"/>
      <metrics loc="821" ncloc="769" classes="1" methods="17" coveredmethods="11" conditionals="0" coveredconditionals="0" statements="193" coveredstatements="155" elements="210" coveredelements="166"/>
    </file>
    <file name="/var/www/html/wp-content/plugins/onecom-themes-plugins/inc/class-onecom-themes-loader.php">
      <class name="Onecom_Themes_Loader" namespace="global">
        <metrics complexity="6" methods="3" coveredmethods="0" conditionals="0" coveredconditionals="0" statements="18" coveredstatements="5" elements="21" coveredelements="5"/>
      </class>
      <line num="8" type="method" name="__construct" visibility="public" complexity="1" crap="2" count="0"/>
      <line num="10" type="stmt" count="0"/>
      <line num="13" type="stmt" count="0"/>
      <line num="16" type="method" name="schedule_theme_fetch" visibility="public" complexity="3" crap="3.04" count="2"/>
      <line num="18" type="stmt" count="2"/>
      <line num="19" type="stmt" count="0"/>
      <line num="23" type="stmt" count="2"/>
      <line num="25" type="stmt" count="2"/>
      <line num="26" type="stmt" count="2"/>
      <line num="27" type="stmt" count="2"/>
      <line num="47" type="method" name="fetch_themes" visibility="public" complexity="2" crap="6" count="0"/>
      <line num="49" type="stmt" count="0"/>
      <line num="50" type="stmt" count="0"/>
      <line num="52" type="stmt" count="0"/>
      <line num="56" type="stmt" count="0"/>
      <line num="59" type="stmt" count="0"/>
      <line num="60" type="stmt" count="0"/>
      <line num="61" type="stmt" count="0"/>
      <line num="64" type="stmt" count="0"/>
      <line num="67" type="stmt" count="0"/>
      <line num="70" type="stmt" count="0"/>
      <metrics loc="73" ncloc="62" classes="1" methods="3" coveredmethods="0" conditionals="0" coveredconditionals="0" statements="18" coveredstatements="5" elements="21" coveredelements="5"/>
    </file>
    <file name="/var/www/html/wp-content/plugins/onecom-themes-plugins/inc/class-onecom-walkthrough.php">
      <class name="Onecom_Walkthrough" namespace="global">
        <metrics complexity="42" methods="15" coveredmethods="10" conditionals="0" coveredconditionals="0" statements="393" coveredstatements="373" elements="408" coveredelements="383"/>
      </class>
      <line num="5" type="stmt" count="0"/>
      <line num="18" type="method" name="__construct" visibility="public" complexity="1" crap="1" count="62"/>
      <line num="19" type="stmt" count="62"/>
      <line num="20" type="stmt" count="62"/>
      <line num="21" type="stmt" count="62"/>
      <line num="22" type="stmt" count="62"/>
      <line num="23" type="stmt" count="62"/>
      <line num="24" type="stmt" count="62"/>
      <line num="25" type="stmt" count="62"/>
      <line num="26" type="stmt" count="62"/>
      <line num="27" type="stmt" count="62"/>
      <line num="30" type="method" name="oc_enqueue_scripts" visibility="public" complexity="4" crap="4" count="1"/>
      <line num="32" type="stmt" count="1"/>
      <line num="33" type="stmt" count="1"/>
      <line num="34" type="stmt" count="1"/>
      <line num="35" type="stmt" count="1"/>
      <line num="36" type="stmt" count="1"/>
      <line num="38" type="stmt" count="1"/>
      <line num="41" type="stmt" count="1"/>
      <line num="43" type="stmt" count="1"/>
      <line num="44" type="stmt" count="1"/>
      <line num="47" type="stmt" count="1"/>
      <line num="48" type="stmt" count="1"/>
      <line num="49" type="stmt" count="1"/>
      <line num="50" type="stmt" count="1"/>
      <line num="51" type="stmt" count="1"/>
      <line num="52" type="stmt" count="1"/>
      <line num="53" type="stmt" count="1"/>
      <line num="55" type="stmt" count="1"/>
      <line num="59" type="method" name="css_admin_head" visibility="public" complexity="1" crap="1" count="1"/>
      <line num="61" type="stmt" count="1"/>
      <line num="62" type="stmt" count="1"/>
      <line num="63" type="stmt" count="1"/>
      <line num="64" type="stmt" count="1"/>
      <line num="65" type="stmt" count="1"/>
      <line num="66" type="stmt" count="1"/>
      <line num="68" type="stmt" count="1"/>
      <line num="69" type="stmt" count="1"/>
      <line num="70" type="stmt" count="1"/>
      <line num="72" type="stmt" count="1"/>
      <line num="73" type="stmt" count="1"/>
      <line num="74" type="stmt" count="1"/>
      <line num="75" type="stmt" count="1"/>
      <line num="77" type="stmt" count="1"/>
      <line num="78" type="stmt" count="1"/>
      <line num="79" type="stmt" count="1"/>
      <line num="80" type="stmt" count="1"/>
      <line num="82" type="stmt" count="1"/>
      <line num="83" type="stmt" count="1"/>
      <line num="84" type="stmt" count="1"/>
      <line num="85" type="stmt" count="1"/>
      <line num="86" type="stmt" count="1"/>
      <line num="87" type="stmt" count="1"/>
      <line num="88" type="stmt" count="1"/>
      <line num="89" type="stmt" count="1"/>
      <line num="91" type="stmt" count="1"/>
      <line num="92" type="stmt" count="1"/>
      <line num="93" type="stmt" count="1"/>
      <line num="94" type="stmt" count="1"/>
      <line num="95" type="stmt" count="1"/>
      <line num="96" type="stmt" count="1"/>
      <line num="97" type="stmt" count="1"/>
      <line num="98" type="stmt" count="1"/>
      <line num="99" type="stmt" count="1"/>
      <line num="101" type="stmt" count="1"/>
      <line num="102" type="stmt" count="1"/>
      <line num="103" type="stmt" count="1"/>
      <line num="104" type="stmt" count="1"/>
      <line num="106" type="stmt" count="1"/>
      <line num="107" type="stmt" count="1"/>
      <line num="108" type="stmt" count="1"/>
      <line num="110" type="stmt" count="1"/>
      <line num="112" type="stmt" count="1"/>
      <line num="113" type="stmt" count="1"/>
      <line num="114" type="stmt" count="1"/>
      <line num="115" type="stmt" count="1"/>
      <line num="117" type="stmt" count="1"/>
      <line num="118" type="stmt" count="1"/>
      <line num="119" type="stmt" count="1"/>
      <line num="121" type="stmt" count="1"/>
      <line num="122" type="stmt" count="1"/>
      <line num="123" type="stmt" count="1"/>
      <line num="124" type="stmt" count="1"/>
      <line num="125" type="stmt" count="1"/>
      <line num="126" type="stmt" count="1"/>
      <line num="128" type="stmt" count="1"/>
      <line num="129" type="stmt" count="1"/>
      <line num="130" type="stmt" count="1"/>
      <line num="132" type="stmt" count="1"/>
      <line num="133" type="stmt" count="1"/>
      <line num="134" type="stmt" count="1"/>
      <line num="136" type="stmt" count="1"/>
      <line num="137" type="stmt" count="1"/>
      <line num="138" type="stmt" count="1"/>
      <line num="139" type="stmt" count="1"/>
      <line num="140" type="stmt" count="1"/>
      <line num="141" type="stmt" count="1"/>
      <line num="142" type="stmt" count="1"/>
      <line num="143" type="stmt" count="1"/>
      <line num="144" type="stmt" count="1"/>
      <line num="146" type="stmt" count="1"/>
      <line num="147" type="stmt" count="1"/>
      <line num="148" type="stmt" count="1"/>
      <line num="149" type="stmt" count="1"/>
      <line num="150" type="stmt" count="1"/>
      <line num="151" type="stmt" count="1"/>
      <line num="152" type="stmt" count="1"/>
      <line num="153" type="stmt" count="1"/>
      <line num="154" type="stmt" count="1"/>
      <line num="155" type="stmt" count="1"/>
      <line num="157" type="stmt" count="1"/>
      <line num="158" type="stmt" count="1"/>
      <line num="159" type="stmt" count="1"/>
      <line num="160" type="stmt" count="1"/>
      <line num="161" type="stmt" count="1"/>
      <line num="162" type="stmt" count="1"/>
      <line num="163" type="stmt" count="1"/>
      <line num="164" type="stmt" count="1"/>
      <line num="165" type="stmt" count="1"/>
      <line num="166" type="stmt" count="1"/>
      <line num="167" type="stmt" count="1"/>
      <line num="168" type="stmt" count="1"/>
      <line num="170" type="stmt" count="1"/>
      <line num="171" type="stmt" count="1"/>
      <line num="172" type="stmt" count="1"/>
      <line num="173" type="stmt" count="1"/>
      <line num="174" type="stmt" count="1"/>
      <line num="175" type="stmt" count="1"/>
      <line num="176" type="stmt" count="1"/>
      <line num="177" type="stmt" count="1"/>
      <line num="178" type="stmt" count="1"/>
      <line num="179" type="stmt" count="1"/>
      <line num="180" type="stmt" count="1"/>
      <line num="181" type="stmt" count="1"/>
      <line num="182" type="stmt" count="1"/>
      <line num="184" type="stmt" count="1"/>
      <line num="185" type="stmt" count="1"/>
      <line num="186" type="stmt" count="1"/>
      <line num="187" type="stmt" count="1"/>
      <line num="188" type="stmt" count="1"/>
      <line num="189" type="stmt" count="1"/>
      <line num="190" type="stmt" count="1"/>
      <line num="194" type="method" name="walkthrough_footer_scripts" visibility="public" complexity="14" crap="14.04" count="1"/>
      <line num="195" type="stmt" count="1"/>
      <line num="198" type="stmt" count="1"/>
      <line num="199" type="stmt" count="1"/>
      <line num="202" type="stmt" count="1"/>
      <line num="203" type="stmt" count="1"/>
      <line num="204" type="stmt" count="1"/>
      <line num="205" type="stmt" count="1"/>
      <line num="206" type="stmt" count="1"/>
      <line num="208" type="stmt" count="1"/>
      <line num="209" type="stmt" count="1"/>
      <line num="210" type="stmt" count="1"/>
      <line num="211" type="stmt" count="1"/>
      <line num="212" type="stmt" count="1"/>
      <line num="213" type="stmt" count="1"/>
      <line num="215" type="stmt" count="1"/>
      <line num="216" type="stmt" count="1"/>
      <line num="217" type="stmt" count="1"/>
      <line num="218" type="stmt" count="1"/>
      <line num="219" type="stmt" count="1"/>
      <line num="220" type="stmt" count="1"/>
      <line num="221" type="stmt" count="1"/>
      <line num="222" type="stmt" count="1"/>
      <line num="224" type="stmt" count="1"/>
      <line num="225" type="stmt" count="1"/>
      <line num="227" type="stmt" count="1"/>
      <line num="228" type="stmt" count="1"/>
      <line num="230" type="stmt" count="1"/>
      <line num="231" type="stmt" count="1"/>
      <line num="233" type="stmt" count="1"/>
      <line num="236" type="stmt" count="1"/>
      <line num="237" type="stmt" count="0"/>
      <line num="238" type="stmt" count="1"/>
      <line num="239" type="stmt" count="0"/>
      <line num="240" type="stmt" count="1"/>
      <line num="241" type="stmt" count="1"/>
      <line num="248" type="method" name="oc_generate_array" visibility="public" complexity="3" crap="3" count="2"/>
      <line num="249" type="stmt" count="2"/>
      <line num="250" type="stmt" count="2"/>
      <line num="251" type="stmt" count="2"/>
      <line num="252" type="stmt" count="2"/>
      <line num="253" type="stmt" count="2"/>
      <line num="254" type="stmt" count="2"/>
      <line num="255" type="stmt" count="2"/>
      <line num="256" type="stmt" count="2"/>
      <line num="257" type="stmt" count="2"/>
      <line num="258" type="stmt" count="2"/>
      <line num="259" type="stmt" count="2"/>
      <line num="260" type="stmt" count="2"/>
      <line num="261" type="stmt" count="2"/>
      <line num="263" type="stmt" count="2"/>
      <line num="264" type="stmt" count="2"/>
      <line num="265" type="stmt" count="2"/>
      <line num="266" type="stmt" count="2"/>
      <line num="267" type="stmt" count="2"/>
      <line num="268" type="stmt" count="2"/>
      <line num="269" type="stmt" count="2"/>
      <line num="270" type="stmt" count="2"/>
      <line num="271" type="stmt" count="2"/>
      <line num="272" type="stmt" count="2"/>
      <line num="273" type="stmt" count="2"/>
      <line num="274" type="stmt" count="2"/>
      <line num="275" type="stmt" count="2"/>
      <line num="276" type="stmt" count="2"/>
      <line num="277" type="stmt" count="2"/>
      <line num="278" type="stmt" count="2"/>
      <line num="280" type="stmt" count="2"/>
      <line num="281" type="stmt" count="0"/>
      <line num="284" type="stmt" count="2"/>
      <line num="290" type="method" name="onecom_home_tour" visibility="public" complexity="1" crap="1" count="2"/>
      <line num="291" type="stmt" count="2"/>
      <line num="292" type="stmt" count="2"/>
      <line num="293" type="stmt" count="2"/>
      <line num="294" type="stmt" count="2"/>
      <line num="295" type="stmt" count="2"/>
      <line num="297" type="stmt" count="2"/>
      <line num="298" type="stmt" count="2"/>
      <line num="299" type="stmt" count="2"/>
      <line num="300" type="stmt" count="2"/>
      <line num="301" type="stmt" count="2"/>
      <line num="302" type="stmt" count="2"/>
      <line num="303" type="stmt" count="2"/>
      <line num="304" type="stmt" count="2"/>
      <line num="306" type="stmt" count="2"/>
      <line num="312" type="method" name="onecom_theme_page_tour" visibility="public" complexity="1" crap="1" count="3"/>
      <line num="313" type="stmt" count="3"/>
      <line num="314" type="stmt" count="3"/>
      <line num="315" type="stmt" count="3"/>
      <line num="316" type="stmt" count="3"/>
      <line num="317" type="stmt" count="3"/>
      <line num="318" type="stmt" count="3"/>
      <line num="319" type="stmt" count="3"/>
      <line num="320" type="stmt" count="3"/>
      <line num="321" type="stmt" count="3"/>
      <line num="328" type="method" name="onecom_plugins_tour" visibility="public" complexity="1" crap="1" count="2"/>
      <line num="329" type="stmt" count="2"/>
      <line num="330" type="stmt" count="2"/>
      <line num="331" type="stmt" count="2"/>
      <line num="332" type="stmt" count="2"/>
      <line num="333" type="stmt" count="2"/>
      <line num="334" type="stmt" count="2"/>
      <line num="335" type="stmt" count="2"/>
      <line num="341" type="method" name="onecom_staging_tour" visibility="public" complexity="2" crap="2.07" count="2"/>
      <line num="342" type="stmt" count="2"/>
      <line num="343" type="stmt" count="2"/>
      <line num="344" type="stmt" count="2"/>
      <line num="345" type="stmt" count="2"/>
      <line num="346" type="stmt" count="2"/>
      <line num="347" type="stmt" count="2"/>
      <line num="348" type="stmt" count="2"/>
      <line num="350" type="stmt" count="2"/>
      <line num="351" type="stmt" count="0"/>
      <line num="352" type="stmt" count="0"/>
      <line num="353" type="stmt" count="0"/>
      <line num="354" type="stmt" count="0"/>
      <line num="355" type="stmt" count="0"/>
      <line num="357" type="stmt" count="2"/>
      <line num="358" type="stmt" count="2"/>
      <line num="359" type="stmt" count="2"/>
      <line num="360" type="stmt" count="2"/>
      <line num="361" type="stmt" count="2"/>
      <line num="364" type="stmt" count="2"/>
      <line num="370" type="method" name="onecom_health_monitor_tour" visibility="public" complexity="2" crap="2" count="2"/>
      <line num="371" type="stmt" count="2"/>
      <line num="372" type="stmt" count="2"/>
      <line num="373" type="stmt" count="2"/>
      <line num="374" type="stmt" count="2"/>
      <line num="375" type="stmt" count="2"/>
      <line num="376" type="stmt" count="2"/>
      <line num="377" type="stmt" count="2"/>
      <line num="379" type="stmt" count="2"/>
      <line num="380" type="stmt" count="1"/>
      <line num="381" type="stmt" count="1"/>
      <line num="382" type="stmt" count="1"/>
      <line num="383" type="stmt" count="1"/>
      <line num="384" type="stmt" count="1"/>
      <line num="385" type="stmt" count="1"/>
      <line num="387" type="stmt" count="1"/>
      <line num="388" type="stmt" count="1"/>
      <line num="389" type="stmt" count="1"/>
      <line num="390" type="stmt" count="1"/>
      <line num="391" type="stmt" count="1"/>
      <line num="394" type="stmt" count="2"/>
      <line num="400" type="method" name="onecom_performance_cache_tour" visibility="public" complexity="1" crap="1" count="3"/>
      <line num="404" type="stmt" count="3"/>
      <line num="405" type="stmt" count="3"/>
      <line num="406" type="stmt" count="3"/>
      <line num="407" type="stmt" count="3"/>
      <line num="408" type="stmt" count="3"/>
      <line num="409" type="stmt" count="3"/>
      <line num="410" type="stmt" count="3"/>
      <line num="411" type="stmt" count="3"/>
      <line num="412" type="stmt" count="3"/>
      <line num="413" type="stmt" count="3"/>
      <line num="414" type="stmt" count="3"/>
      <line num="415" type="stmt" count="3"/>
      <line num="416" type="stmt" count="3"/>
      <line num="418" type="stmt" count="3"/>
      <line num="424" type="method" name="onecom_utility_tour" visibility="public" complexity="1" crap="1" count="2"/>
      <line num="425" type="stmt" count="2"/>
      <line num="426" type="stmt" count="2"/>
      <line num="427" type="stmt" count="2"/>
      <line num="428" type="stmt" count="2"/>
      <line num="429" type="stmt" count="2"/>
      <line num="430" type="stmt" count="2"/>
      <line num="431" type="stmt" count="2"/>
      <line num="432" type="stmt" count="2"/>
      <line num="433" type="stmt" count="2"/>
      <line num="434" type="stmt" count="2"/>
      <line num="435" type="stmt" count="2"/>
      <line num="436" type="stmt" count="2"/>
      <line num="438" type="stmt" count="2"/>
      <line num="444" type="method" name="make_pointer_script" visibility="public" complexity="3" crap="3" count="1"/>
      <line num="446" type="stmt" count="1"/>
      <line num="447" type="stmt" count="1"/>
      <line num="448" type="stmt" count="1"/>
      <line num="450" type="stmt" count="1"/>
      <line num="451" type="stmt" count="1"/>
      <line num="454" type="stmt" count="1"/>
      <line num="457" type="stmt" count="1"/>
      <line num="469" type="stmt" count="1"/>
      <line num="475" type="stmt" count="1"/>
      <line num="480" type="stmt" count="1"/>
      <line num="514" type="stmt" count="1"/>
      <line num="515" type="stmt" count="1"/>
      <line num="518" type="stmt" count="0"/>
      <line num="522" type="stmt" count="1"/>
      <line num="525" type="stmt" count="1"/>
      <line num="527" type="stmt" count="1"/>
      <line num="528" type="stmt" count="1"/>
      <line num="529" type="stmt" count="1"/>
      <line num="530" type="stmt" count="1"/>
      <line num="531" type="stmt" count="1"/>
      <line num="533" type="stmt" count="1"/>
      <line num="534" type="stmt" count="1"/>
      <line num="536" type="stmt" count="1"/>
      <line num="541" type="stmt" count="1"/>
      <line num="542" type="stmt" count="1"/>
      <line num="543" type="stmt" count="1"/>
      <line num="544" type="stmt" count="1"/>
      <line num="545" type="stmt" count="1"/>
      <line num="546" type="stmt" count="1"/>
      <line num="548" type="stmt" count="1"/>
      <line num="550" type="stmt" count="1"/>
      <line num="551" type="stmt" count="1"/>
      <line num="552" type="stmt" count="1"/>
      <line num="553" type="stmt" count="1"/>
      <line num="554" type="stmt" count="1"/>
      <line num="555" type="stmt" count="1"/>
      <line num="556" type="stmt" count="1"/>
      <line num="557" type="stmt" count="1"/>
      <line num="559" type="stmt" count="1"/>
      <line num="560" type="stmt" count="1"/>
      <line num="561" type="stmt" count="1"/>
      <line num="562" type="stmt" count="1"/>
      <line num="563" type="stmt" count="1"/>
      <line num="564" type="stmt" count="1"/>
      <line num="565" type="stmt" count="1"/>
      <line num="566" type="stmt" count="1"/>
      <line num="567" type="stmt" count="1"/>
      <line num="568" type="stmt" count="1"/>
      <line num="569" type="stmt" count="1"/>
      <line num="572" type="stmt" count="1"/>
      <line num="573" type="stmt" count="1"/>
      <line num="574" type="stmt" count="1"/>
      <line num="575" type="stmt" count="1"/>
      <line num="576" type="stmt" count="1"/>
      <line num="577" type="stmt" count="1"/>
      <line num="578" type="stmt" count="1"/>
      <line num="579" type="stmt" count="1"/>
      <line num="580" type="stmt" count="1"/>
      <line num="581" type="stmt" count="1"/>
      <line num="582" type="stmt" count="1"/>
      <line num="583" type="stmt" count="1"/>
      <line num="584" type="stmt" count="1"/>
      <line num="599" type="method" name="oc_walkthrough_reset_tour" visibility="public" complexity="4" crap="20" count="0"/>
      <line num="600" type="stmt" count="0"/>
      <line num="601" type="stmt" count="0"/>
      <line num="602" type="stmt" count="0"/>
      <line num="603" type="stmt" count="0"/>
      <line num="604" type="stmt" count="0"/>
      <line num="605" type="stmt" count="0"/>
      <line num="608" type="stmt" count="0"/>
      <line num="609" type="stmt" count="0"/>
      <line num="610" type="stmt" count="0"/>
      <line num="611" type="stmt" count="0"/>
      <line num="612" type="stmt" count="0"/>
      <line num="616" type="method" name="onecom_restart_tour" visibility="public" complexity="3" crap="3" count="2"/>
      <line num="617" type="stmt" count="2"/>
      <line num="618" type="stmt" count="2"/>
      <line num="620" type="stmt" count="1"/>
      <line num="621" type="stmt" count="1"/>
      <line num="622" type="stmt" count="1"/>
      <line num="623" type="stmt" count="1"/>
      <line num="624" type="stmt" count="1"/>
      <line num="625" type="stmt" count="1"/>
      <line num="626" type="stmt" count="1"/>
      <line num="627" type="stmt" count="1"/>
      <line num="628" type="stmt" count="1"/>
      <line num="629" type="stmt" count="1"/>
      <line num="630" type="stmt" count="1"/>
      <line num="631" type="stmt" count="1"/>
      <line num="632" type="stmt" count="1"/>
      <line num="633" type="stmt" count="1"/>
      <line num="634" type="stmt" count="1"/>
      <line num="635" type="stmt" count="1"/>
      <line num="636" type="stmt" count="1"/>
      <metrics loc="647" ncloc="600" classes="1" methods="15" coveredmethods="10" conditionals="0" coveredconditionals="0" statements="394" coveredstatements="373" elements="409" coveredelements="383"/>
    </file>
    <file name="/var/www/html/wp-content/plugins/onecom-themes-plugins/inc/functions.php">
      <line num="13" type="stmt" count="3"/>
      <line num="14" type="stmt" count="3"/>
      <line num="16" type="stmt" count="3"/>
      <line num="17" type="stmt" count="3"/>
      <line num="18" type="stmt" count="3"/>
      <line num="19" type="stmt" count="3"/>
      <line num="20" type="stmt" count="3"/>
      <line num="21" type="stmt" count="1"/>
      <line num="28" type="stmt" count="3"/>
      <line num="29" type="stmt" count="0"/>
      <line num="31" type="stmt" count="3"/>
      <line num="32" type="stmt" count="3"/>
      <line num="33" type="stmt" count="3"/>
      <line num="34" type="stmt" count="3"/>
      <line num="36" type="stmt" count="1"/>
      <line num="46" type="stmt" count="1"/>
      <line num="47" type="stmt" count="1"/>
      <line num="50" type="stmt" count="1"/>
      <line num="51" type="stmt" count="0"/>
      <line num="52" type="stmt" count="0"/>
      <line num="55" type="stmt" count="1"/>
      <line num="57" type="stmt" count="1"/>
      <line num="58" type="stmt" count="1"/>
      <line num="59" type="stmt" count="1"/>
      <line num="60" type="stmt" count="1"/>
      <line num="61" type="stmt" count="1"/>
      <line num="62" type="stmt" count="1"/>
      <line num="63" type="stmt" count="1"/>
      <line num="64" type="stmt" count="1"/>
      <line num="65" type="stmt" count="1"/>
      <line num="66" type="stmt" count="1"/>
      <line num="67" type="stmt" count="1"/>
      <line num="70" type="stmt" count="1"/>
      <line num="71" type="stmt" count="1"/>
      <line num="72" type="stmt" count="1"/>
      <line num="73" type="stmt" count="1"/>
      <line num="75" type="stmt" count="1"/>
      <line num="77" type="stmt" count="1"/>
      <line num="78" type="stmt" count="1"/>
      <line num="79" type="stmt" count="1"/>
      <line num="80" type="stmt" count="1"/>
      <line num="82" type="stmt" count="1"/>
      <line num="92" type="stmt" count="1"/>
      <line num="93" type="stmt" count="0"/>
      <line num="95" type="stmt" count="1"/>
      <line num="105" type="stmt" count="3"/>
      <line num="106" type="stmt" count="3"/>
      <line num="107" type="stmt" count="3"/>
      <line num="108" type="stmt" count="3"/>
      <line num="110" type="stmt" count="0"/>
      <line num="111" type="stmt" count="0"/>
      <line num="115" type="stmt" count="3"/>
      <line num="116" type="stmt" count="3"/>
      <line num="118" type="stmt" count="3"/>
      <line num="119" type="stmt" count="3"/>
      <line num="120" type="stmt" count="3"/>
      <line num="121" type="stmt" count="3"/>
      <line num="123" type="stmt" count="0"/>
      <line num="127" type="stmt" count="3"/>
      <line num="128" type="stmt" count="3"/>
      <line num="129" type="stmt" count="3"/>
      <line num="132" type="stmt" count="3"/>
      <line num="134" type="stmt" count="3"/>
      <line num="135" type="stmt" count="0"/>
      <line num="136" type="stmt" count="0"/>
      <line num="140" type="stmt" count="3"/>
      <line num="141" type="stmt" count="3"/>
      <line num="142" type="stmt" count="3"/>
      <line num="146" type="stmt" count="3"/>
      <line num="148" type="stmt" count="0"/>
      <line num="152" type="stmt" count="3"/>
      <line num="160" type="stmt" count="1"/>
      <line num="161" type="stmt" count="1"/>
      <line num="162" type="stmt" count="1"/>
      <line num="163" type="stmt" count="1"/>
      <line num="164" type="stmt" count="0"/>
      <line num="166" type="stmt" count="1"/>
      <line num="167" type="stmt" count="1"/>
      <line num="168" type="stmt" count="1"/>
      <line num="169" type="stmt" count="1"/>
      <line num="170" type="stmt" count="1"/>
      <line num="171" type="stmt" count="1"/>
      <line num="172" type="stmt" count="1"/>
      <line num="173" type="stmt" count="1"/>
      <line num="175" type="stmt" count="1"/>
      <line num="176" type="stmt" count="1"/>
      <line num="178" type="stmt" count="1"/>
      <line num="179" type="stmt" count="1"/>
      <line num="180" type="stmt" count="1"/>
      <line num="181" type="stmt" count="1"/>
      <line num="183" type="stmt" count="1"/>
      <line num="187" type="stmt" count="1"/>
      <line num="188" type="stmt" count="1"/>
      <line num="197" type="stmt" count="1"/>
      <line num="198" type="stmt" count="1"/>
      <line num="201" type="stmt" count="1"/>
      <line num="202" type="stmt" count="1"/>
      <line num="204" type="stmt" count="0"/>
      <line num="205" type="stmt" count="0"/>
      <line num="206" type="stmt" count="0"/>
      <line num="207" type="stmt" count="0"/>
      <line num="210" type="stmt" count="1"/>
      <line num="211" type="stmt" count="1"/>
      <line num="212" type="stmt" count="1"/>
      <line num="214" type="stmt" count="1"/>
      <line num="216" type="stmt" count="1"/>
      <line num="218" type="stmt" count="1"/>
      <line num="220" type="stmt" count="1"/>
      <line num="221" type="stmt" count="1"/>
      <line num="222" type="stmt" count="1"/>
      <line num="223" type="stmt" count="1"/>
      <line num="224" type="stmt" count="1"/>
      <line num="225" type="stmt" count="1"/>
      <line num="226" type="stmt" count="1"/>
      <line num="227" type="stmt" count="1"/>
      <line num="228" type="stmt" count="1"/>
      <line num="230" type="stmt" count="1"/>
      <line num="232" type="stmt" count="1"/>
      <line num="233" type="stmt" count="1"/>
      <line num="234" type="stmt" count="1"/>
      <line num="236" type="stmt" count="1"/>
      <line num="237" type="stmt" count="1"/>
      <line num="238" type="stmt" count="1"/>
      <line num="240" type="stmt" count="1"/>
      <line num="242" type="stmt" count="1"/>
      <line num="243" type="stmt" count="0"/>
      <line num="244" type="stmt" count="0"/>
      <line num="245" type="stmt" count="1"/>
      <line num="246" type="stmt" count="1"/>
      <line num="247" type="stmt" count="1"/>
      <line num="248" type="stmt" count="0"/>
      <line num="249" type="stmt" count="0"/>
      <line num="250" type="stmt" count="0"/>
      <line num="251" type="stmt" count="0"/>
      <line num="253" type="stmt" count="0"/>
      <line num="254" type="stmt" count="0"/>
      <line num="257" type="stmt" count="0"/>
      <line num="258" type="stmt" count="0"/>
      <line num="261" type="stmt" count="1"/>
      <line num="263" type="stmt" count="1"/>
      <line num="265" type="stmt" count="1"/>
      <line num="266" type="stmt" count="1"/>
      <line num="268" type="stmt" count="1"/>
      <line num="269" type="stmt" count="0"/>
      <line num="272" type="stmt" count="0"/>
      <line num="274" type="stmt" count="0"/>
      <line num="277" type="stmt" count="0"/>
      <line num="279" type="stmt" count="0"/>
      <line num="280" type="stmt" count="0"/>
      <line num="281" type="stmt" count="0"/>
      <line num="283" type="stmt" count="0"/>
      <line num="286" type="stmt" count="1"/>
      <line num="288" type="stmt" count="1"/>
      <line num="290" type="stmt" count="1"/>
      <line num="297" type="stmt" count="15"/>
      <line num="299" type="stmt" count="15"/>
      <line num="300" type="stmt" count="4"/>
      <line num="301" type="stmt" count="4"/>
      <line num="302" type="stmt" count="15"/>
      <line num="303" type="stmt" count="9"/>
      <line num="304" type="stmt" count="9"/>
      <line num="306" type="stmt" count="9"/>
      <line num="307" type="stmt" count="9"/>
      <line num="310" type="stmt" count="15"/>
      <line num="312" type="stmt" count="15"/>
      <line num="313" type="stmt" count="15"/>
      <line num="315" type="stmt" count="15"/>
      <line num="316" type="stmt" count="15"/>
      <line num="317" type="stmt" count="15"/>
      <line num="318" type="stmt" count="15"/>
      <line num="319" type="stmt" count="15"/>
      <line num="320" type="stmt" count="15"/>
      <line num="321" type="stmt" count="15"/>
      <line num="322" type="stmt" count="15"/>
      <line num="323" type="stmt" count="15"/>
      <line num="324" type="stmt" count="15"/>
      <line num="325" type="stmt" count="15"/>
      <line num="326" type="stmt" count="15"/>
      <line num="327" type="stmt" count="15"/>
      <line num="328" type="stmt" count="15"/>
      <line num="329" type="stmt" count="15"/>
      <line num="330" type="stmt" count="15"/>
      <line num="332" type="stmt" count="15"/>
      <line num="334" type="stmt" count="15"/>
      <line num="335" type="stmt" count="1"/>
      <line num="336" type="stmt" count="1"/>
      <line num="338" type="stmt" count="1"/>
      <line num="341" type="stmt" count="14"/>
      <line num="342" type="stmt" count="0"/>
      <line num="344" type="stmt" count="14"/>
      <line num="346" type="stmt" count="14"/>
      <line num="348" type="stmt" count="14"/>
      <line num="349" type="stmt" count="14"/>
      <line num="350" type="stmt" count="9"/>
      <line num="353" type="stmt" count="14"/>
      <line num="355" type="stmt" count="0"/>
      <line num="356" type="stmt" count="0"/>
      <line num="357" type="stmt" count="0"/>
      <line num="358" type="stmt" count="0"/>
      <line num="359" type="stmt" count="0"/>
      <line num="360" type="stmt" count="0"/>
      <line num="361" type="stmt" count="0"/>
      <line num="362" type="stmt" count="0"/>
      <line num="363" type="stmt" count="0"/>
      <line num="364" type="stmt" count="0"/>
      <line num="366" type="stmt" count="0"/>
      <line num="367" type="stmt" count="0"/>
      <line num="368" type="stmt" count="0"/>
      <line num="370" type="stmt" count="0"/>
      <line num="371" type="stmt" count="0"/>
      <line num="372" type="stmt" count="0"/>
      <line num="373" type="stmt" count="0"/>
      <line num="374" type="stmt" count="0"/>
      <line num="375" type="stmt" count="0"/>
      <line num="377" type="stmt" count="0"/>
      <line num="382" type="stmt" count="14"/>
      <line num="383" type="stmt" count="4"/>
      <line num="384" type="stmt" count="14"/>
      <line num="385" type="stmt" count="9"/>
      <line num="387" type="stmt" count="8"/>
      <line num="392" type="stmt" count="15"/>
      <line num="393" type="stmt" count="1"/>
      <line num="396" type="stmt" count="15"/>
      <line num="406" type="stmt" count="1"/>
      <line num="407" type="stmt" count="1"/>
      <line num="409" type="stmt" count="1"/>
      <line num="410" type="stmt" count="0"/>
      <line num="411" type="stmt" count="0"/>
      <line num="412" type="stmt" count="0"/>
      <line num="413" type="stmt" count="0"/>
      <line num="417" type="stmt" count="1"/>
      <line num="419" type="stmt" count="1"/>
      <line num="422" type="stmt" count="1"/>
      <line num="423" type="stmt" count="0"/>
      <line num="424" type="stmt" count="0"/>
      <line num="425" type="stmt" count="0"/>
      <line num="426" type="stmt" count="0"/>
      <line num="427" type="stmt" count="0"/>
      <line num="428" type="stmt" count="0"/>
      <line num="429" type="stmt" count="0"/>
      <line num="430" type="stmt" count="0"/>
      <line num="434" type="stmt" count="1"/>
      <line num="435" type="stmt" count="0"/>
      <line num="437" type="stmt" count="1"/>
      <line num="438" type="stmt" count="1"/>
      <line num="439" type="stmt" count="1"/>
      <line num="440" type="stmt" count="0"/>
      <line num="443" type="stmt" count="1"/>
      <line num="445" type="stmt" count="1"/>
      <line num="446" type="stmt" count="1"/>
      <line num="448" type="stmt" count="1"/>
      <line num="449" type="stmt" count="1"/>
      <line num="450" type="stmt" count="1"/>
      <line num="451" type="stmt" count="1"/>
      <line num="452" type="stmt" count="1"/>
      <line num="453" type="stmt" count="1"/>
      <line num="463" type="stmt" count="2"/>
      <line num="464" type="stmt" count="2"/>
      <line num="465" type="stmt" count="2"/>
      <line num="468" type="stmt" count="0"/>
      <line num="477" type="stmt" count="1"/>
      <line num="478" type="stmt" count="1"/>
      <line num="479" type="stmt" count="0"/>
      <line num="482" type="stmt" count="1"/>
      <line num="483" type="stmt" count="1"/>
      <line num="484" type="stmt" count="0"/>
      <line num="487" type="stmt" count="1"/>
      <line num="488" type="stmt" count="1"/>
      <line num="489" type="stmt" count="1"/>
      <line num="492" type="stmt" count="1"/>
      <line num="494" type="stmt" count="1"/>
      <line num="495" type="stmt" count="1"/>
      <line num="496" type="stmt" count="1"/>
      <line num="497" type="stmt" count="1"/>
      <line num="503" type="stmt" count="1"/>
      <line num="504" type="stmt" count="1"/>
      <line num="506" type="stmt" count="0"/>
      <line num="516" type="stmt" count="2"/>
      <line num="517" type="stmt" count="0"/>
      <line num="519" type="stmt" count="2"/>
      <line num="520" type="stmt" count="2"/>
      <line num="521" type="stmt" count="2"/>
      <line num="522" type="stmt" count="0"/>
      <line num="524" type="stmt" count="2"/>
      <line num="526" type="stmt" count="2"/>
      <line num="527" type="stmt" count="0"/>
      <line num="530" type="stmt" count="2"/>
      <line num="532" type="stmt" count="2"/>
      <line num="533" type="stmt" count="0"/>
      <line num="534" type="stmt" count="2"/>
      <line num="535" type="stmt" count="2"/>
      <line num="537" type="stmt" count="0"/>
      <line num="547" type="stmt" count="4"/>
      <line num="548" type="stmt" count="4"/>
      <line num="549" type="stmt" count="2"/>
      <line num="551" type="stmt" count="4"/>
      <line num="561" type="stmt" count="1"/>
      <line num="562" type="stmt" count="1"/>
      <line num="563" type="stmt" count="1"/>
      <line num="564" type="stmt" count="1"/>
      <line num="565" type="stmt" count="1"/>
      <line num="568" type="stmt" count="1"/>
      <line num="569" type="stmt" count="1"/>
      <line num="571" type="stmt" count="0"/>
      <line num="574" type="stmt" count="1"/>
      <line num="576" type="stmt" count="1"/>
      <line num="577" type="stmt" count="0"/>
      <line num="579" type="stmt" count="1"/>
      <line num="581" type="stmt" count="1"/>
      <line num="582" type="stmt" count="1"/>
      <line num="583" type="stmt" count="1"/>
      <line num="584" type="stmt" count="0"/>
      <line num="585" type="stmt" count="0"/>
      <line num="586" type="stmt" count="0"/>
      <line num="587" type="stmt" count="0"/>
      <line num="588" type="stmt" count="0"/>
      <line num="589" type="stmt" count="0"/>
      <line num="591" type="stmt" count="0"/>
      <line num="592" type="stmt" count="0"/>
      <line num="596" type="stmt" count="1"/>
      <line num="598" type="stmt" count="1"/>
      <line num="599" type="stmt" count="1"/>
      <line num="601" type="stmt" count="1"/>
      <line num="603" type="stmt" count="1"/>
      <line num="604" type="stmt" count="1"/>
      <line num="605" type="stmt" count="1"/>
      <line num="606" type="stmt" count="1"/>
      <line num="607" type="stmt" count="1"/>
      <line num="608" type="stmt" count="1"/>
      <line num="609" type="stmt" count="1"/>
      <line num="610" type="stmt" count="1"/>
      <line num="611" type="stmt" count="1"/>
      <line num="612" type="stmt" count="1"/>
      <line num="613" type="stmt" count="1"/>
      <line num="615" type="stmt" count="1"/>
      <line num="617" type="stmt" count="1"/>
      <line num="618" type="stmt" count="1"/>
      <line num="619" type="stmt" count="1"/>
      <line num="621" type="stmt" count="1"/>
      <line num="623" type="stmt" count="1"/>
      <line num="624" type="stmt" count="0"/>
      <line num="625" type="stmt" count="0"/>
      <line num="627" type="stmt" count="1"/>
      <line num="628" type="stmt" count="1"/>
      <line num="629" type="stmt" count="1"/>
      <line num="631" type="stmt" count="0"/>
      <line num="632" type="stmt" count="0"/>
      <line num="634" type="stmt" count="0"/>
      <line num="635" type="stmt" count="0"/>
      <line num="637" type="stmt" count="0"/>
      <line num="638" type="stmt" count="0"/>
      <line num="641" type="stmt" count="0"/>
      <line num="642" type="stmt" count="0"/>
      <line num="645" type="stmt" count="1"/>
      <line num="646" type="stmt" count="1"/>
      <line num="647" type="stmt" count="1"/>
      <line num="649" type="stmt" count="1"/>
      <line num="650" type="stmt" count="0"/>
      <line num="651" type="stmt" count="0"/>
      <line num="652" type="stmt" count="0"/>
      <line num="653" type="stmt" count="0"/>
      <line num="654" type="stmt" count="0"/>
      <line num="656" type="stmt" count="0"/>
      <line num="657" type="stmt" count="0"/>
      <line num="658" type="stmt" count="0"/>
      <line num="659" type="stmt" count="0"/>
      <line num="660" type="stmt" count="0"/>
      <line num="661" type="stmt" count="0"/>
      <line num="662" type="stmt" count="0"/>
      <line num="663" type="stmt" count="0"/>
      <line num="664" type="stmt" count="0"/>
      <line num="665" type="stmt" count="0"/>
      <line num="666" type="stmt" count="0"/>
      <line num="668" type="stmt" count="0"/>
      <line num="670" type="stmt" count="0"/>
      <line num="671" type="stmt" count="0"/>
      <line num="674" type="stmt" count="1"/>
      <line num="676" type="stmt" count="1"/>
      <line num="677" type="stmt" count="0"/>
      <line num="680" type="stmt" count="1"/>
      <line num="682" type="stmt" count="1"/>
      <line num="692" type="stmt" count="1"/>
      <line num="695" type="stmt" count="1"/>
      <line num="698" type="stmt" count="1"/>
      <line num="701" type="stmt" count="1"/>
      <line num="704" type="stmt" count="1"/>
      <line num="705" type="stmt" count="1"/>
      <line num="708" type="stmt" count="0"/>
      <line num="709" type="stmt" count="0"/>
      <line num="710" type="stmt" count="0"/>
      <line num="711" type="stmt" count="0"/>
      <line num="715" type="stmt" count="1"/>
      <line num="716" type="stmt" count="1"/>
      <line num="717" type="stmt" count="1"/>
      <line num="718" type="stmt" count="0"/>
      <line num="719" type="stmt" count="0"/>
      <line num="721" type="stmt" count="1"/>
      <line num="722" type="stmt" count="1"/>
      <line num="725" type="stmt" count="1"/>
      <line num="726" type="stmt" count="0"/>
      <line num="727" type="stmt" count="0"/>
      <line num="731" type="stmt" count="1"/>
      <line num="732" type="stmt" count="1"/>
      <line num="742" type="stmt" count="1"/>
      <line num="743" type="stmt" count="1"/>
      <line num="744" type="stmt" count="1"/>
      <line num="753" type="stmt" count="1"/>
      <line num="761" type="stmt" count="1"/>
      <line num="762" type="stmt" count="1"/>
      <line num="763" type="stmt" count="1"/>
      <line num="764" type="stmt" count="1"/>
      <line num="765" type="stmt" count="1"/>
      <line num="766" type="stmt" count="1"/>
      <line num="767" type="stmt" count="1"/>
      <line num="768" type="stmt" count="1"/>
      <line num="769" type="stmt" count="1"/>
      <line num="770" type="stmt" count="1"/>
      <line num="771" type="stmt" count="1"/>
      <line num="772" type="stmt" count="1"/>
      <line num="773" type="stmt" count="1"/>
      <line num="774" type="stmt" count="1"/>
      <line num="775" type="stmt" count="1"/>
      <line num="776" type="stmt" count="1"/>
      <line num="777" type="stmt" count="1"/>
      <line num="778" type="stmt" count="1"/>
      <line num="780" type="stmt" count="1"/>
      <line num="781" type="stmt" count="1"/>
      <line num="782" type="stmt" count="1"/>
      <line num="784" type="stmt" count="1"/>
      <line num="785" type="stmt" count="1"/>
      <line num="786" type="stmt" count="0"/>
      <line num="790" type="stmt" count="1"/>
      <line num="799" type="stmt" count="1"/>
      <line num="800" type="stmt" count="0"/>
      <line num="802" type="stmt" count="1"/>
      <line num="804" type="stmt" count="1"/>
      <line num="806" type="stmt" count="1"/>
      <line num="807" type="stmt" count="1"/>
      <line num="808" type="stmt" count="1"/>
      <line num="809" type="stmt" count="1"/>
      <line num="810" type="stmt" count="1"/>
      <line num="811" type="stmt" count="1"/>
      <line num="812" type="stmt" count="1"/>
      <line num="813" type="stmt" count="1"/>
      <line num="814" type="stmt" count="1"/>
      <line num="815" type="stmt" count="1"/>
      <line num="816" type="stmt" count="1"/>
      <line num="817" type="stmt" count="1"/>
      <line num="819" type="stmt" count="1"/>
      <line num="821" type="stmt" count="1"/>
      <line num="822" type="stmt" count="1"/>
      <line num="823" type="stmt" count="1"/>
      <line num="824" type="stmt" count="1"/>
      <line num="825" type="stmt" count="1"/>
      <line num="826" type="stmt" count="1"/>
      <line num="828" type="stmt" count="1"/>
      <line num="830" type="stmt" count="1"/>
      <line num="831" type="stmt" count="1"/>
      <line num="833" type="stmt" count="1"/>
      <line num="835" type="stmt" count="1"/>
      <line num="836" type="stmt" count="1"/>
      <line num="837" type="stmt" count="1"/>
      <line num="840" type="stmt" count="1"/>
      <line num="841" type="stmt" count="0"/>
      <line num="843" type="stmt" count="1"/>
      <line num="844" type="stmt" count="1"/>
      <line num="845" type="stmt" count="1"/>
      <line num="846" type="stmt" count="1"/>
      <line num="847" type="stmt" count="0"/>
      <line num="849" type="stmt" count="1"/>
      <line num="850" type="stmt" count="0"/>
      <line num="853" type="stmt" count="1"/>
      <line num="855" type="stmt" count="1"/>
      <line num="858" type="stmt" count="1"/>
      <line num="860" type="stmt" count="1"/>
      <line num="861" type="stmt" count="1"/>
      <line num="863" type="stmt" count="1"/>
      <line num="864" type="stmt" count="0"/>
      <line num="866" type="stmt" count="0"/>
      <line num="867" type="stmt" count="0"/>
      <line num="868" type="stmt" count="0"/>
      <line num="869" type="stmt" count="0"/>
      <line num="871" type="stmt" count="0"/>
      <line num="874" type="stmt" count="1"/>
      <line num="875" type="stmt" count="0"/>
      <line num="877" type="stmt" count="0"/>
      <line num="878" type="stmt" count="0"/>
      <line num="879" type="stmt" count="0"/>
      <line num="880" type="stmt" count="0"/>
      <line num="882" type="stmt" count="0"/>
      <line num="886" type="stmt" count="1"/>
      <line num="887" type="stmt" count="0"/>
      <line num="888" type="stmt" count="0"/>
      <line num="889" type="stmt" count="0"/>
      <line num="901" type="stmt" count="1"/>
      <line num="902" type="stmt" count="1"/>
      <line num="903" type="stmt" count="1"/>
      <line num="913" type="stmt" count="0"/>
      <line num="914" type="stmt" count="0"/>
      <line num="915" type="stmt" count="0"/>
      <line num="916" type="stmt" count="0"/>
      <line num="917" type="stmt" count="0"/>
      <line num="919" type="stmt" count="0"/>
      <line num="921" type="stmt" count="0"/>
      <line num="931" type="stmt" count="1"/>
      <line num="932" type="stmt" count="1"/>
      <line num="933" type="stmt" count="1"/>
      <line num="934" type="stmt" count="0"/>
      <line num="935" type="stmt" count="0"/>
      <line num="938" type="stmt" count="1"/>
      <line num="939" type="stmt" count="0"/>
      <line num="940" type="stmt" count="0"/>
      <line num="942" type="stmt" count="1"/>
      <line num="951" type="stmt" count="1"/>
      <line num="952" type="stmt" count="0"/>
      <line num="953" type="stmt" count="0"/>
      <line num="955" type="stmt" count="0"/>
      <line num="967" type="stmt" count="1"/>
      <line num="968" type="stmt" count="1"/>
      <line num="975" type="stmt" count="1"/>
      <line num="976" type="stmt" count="1"/>
      <line num="977" type="stmt" count="1"/>
      <line num="979" type="stmt" count="1"/>
      <line num="983" type="stmt" count="0"/>
      <line num="984" type="stmt" count="0"/>
      <line num="988" type="stmt" count="0"/>
      <line num="996" type="stmt" count="1"/>
      <line num="997" type="stmt" count="0"/>
      <line num="1001" type="stmt" count="1"/>
      <line num="1002" type="stmt" count="1"/>
      <line num="1003" type="stmt" count="1"/>
      <line num="1006" type="stmt" count="1"/>
      <line num="1022" type="stmt" count="1"/>
      <line num="1024" type="stmt" count="1"/>
      <line num="1025" type="stmt" count="1"/>
      <line num="1027" type="stmt" count="0"/>
      <line num="1029" type="stmt" count="1"/>
      <line num="1037" type="stmt" count="8"/>
      <line num="1039" type="stmt" count="8"/>
      <line num="1040" type="stmt" count="8"/>
      <line num="1042" type="stmt" count="5"/>
      <line num="1044" type="stmt" count="3"/>
      <line num="1051" type="stmt" count="58"/>
      <line num="1053" type="stmt" count="58"/>
      <line num="1054" type="stmt" count="1"/>
      <line num="1055" type="stmt" count="1"/>
      <line num="1057" type="stmt" count="0"/>
      <line num="1073" type="stmt" count="2"/>
      <line num="1075" type="stmt" count="2"/>
      <line num="1076" type="stmt" count="2"/>
      <line num="1077" type="stmt" count="2"/>
      <line num="1078" type="stmt" count="2"/>
      <line num="1079" type="stmt" count="2"/>
      <line num="1082" type="stmt" count="2"/>
      <line num="1083" type="stmt" count="2"/>
      <line num="1084" type="stmt" count="2"/>
      <line num="1085" type="stmt" count="2"/>
      <line num="1086" type="stmt" count="2"/>
      <line num="1087" type="stmt" count="2"/>
      <line num="1088" type="stmt" count="2"/>
      <line num="1089" type="stmt" count="2"/>
      <line num="1090" type="stmt" count="0"/>
      <line num="1091" type="stmt" count="0"/>
      <line num="1092" type="stmt" count="0"/>
      <line num="1093" type="stmt" count="0"/>
      <line num="1094" type="stmt" count="0"/>
      <line num="1095" type="stmt" count="0"/>
      <line num="1096" type="stmt" count="0"/>
      <line num="1097" type="stmt" count="2"/>
      <line num="1098" type="stmt" count="1"/>
      <line num="1099" type="stmt" count="1"/>
      <line num="1100" type="stmt" count="1"/>
      <line num="1101" type="stmt" count="1"/>
      <line num="1102" type="stmt" count="1"/>
      <line num="1103" type="stmt" count="1"/>
      <line num="1104" type="stmt" count="1"/>
      <line num="1106" type="stmt" count="2"/>
      <line num="1107" type="stmt" count="2"/>
      <line num="1108" type="stmt" count="2"/>
      <line num="1109" type="stmt" count="2"/>
      <line num="1110" type="stmt" count="2"/>
      <line num="1111" type="stmt" count="2"/>
      <line num="1112" type="stmt" count="2"/>
      <line num="1116" type="stmt" count="2"/>
      <line num="1117" type="stmt" count="2"/>
      <line num="1118" type="stmt" count="2"/>
      <line num="1119" type="stmt" count="2"/>
      <line num="1120" type="stmt" count="2"/>
      <line num="1121" type="stmt" count="2"/>
      <line num="1122" type="stmt" count="2"/>
      <line num="1123" type="stmt" count="2"/>
      <line num="1124" type="stmt" count="2"/>
      <line num="1125" type="stmt" count="2"/>
      <line num="1126" type="stmt" count="2"/>
      <line num="1127" type="stmt" count="2"/>
      <line num="1128" type="stmt" count="2"/>
      <line num="1129" type="stmt" count="2"/>
      <line num="1130" type="stmt" count="2"/>
      <line num="1131" type="stmt" count="2"/>
      <line num="1132" type="stmt" count="2"/>
      <line num="1133" type="stmt" count="2"/>
      <line num="1134" type="stmt" count="2"/>
      <line num="1135" type="stmt" count="2"/>
      <line num="1136" type="stmt" count="2"/>
      <line num="1137" type="stmt" count="2"/>
      <line num="1138" type="stmt" count="2"/>
      <line num="1139" type="stmt" count="2"/>
      <line num="1142" type="stmt" count="2"/>
      <line num="1152" type="stmt" count="3"/>
      <line num="1153" type="stmt" count="3"/>
      <line num="1156" type="stmt" count="3"/>
      <line num="1159" type="stmt" count="3"/>
      <line num="1160" type="stmt" count="3"/>
      <line num="1162" type="stmt" count="3"/>
      <line num="1163" type="stmt" count="3"/>
      <line num="1164" type="stmt" count="3"/>
      <line num="1165" type="stmt" count="3"/>
      <line num="1166" type="stmt" count="3"/>
      <line num="1167" type="stmt" count="3"/>
      <line num="1168" type="stmt" count="3"/>
      <line num="1169" type="stmt" count="3"/>
      <line num="1170" type="stmt" count="3"/>
      <line num="1171" type="stmt" count="3"/>
      <line num="1172" type="stmt" count="3"/>
      <line num="1173" type="stmt" count="3"/>
      <line num="1174" type="stmt" count="3"/>
      <line num="1175" type="stmt" count="3"/>
      <line num="1176" type="stmt" count="3"/>
      <line num="1177" type="stmt" count="3"/>
      <line num="1178" type="stmt" count="3"/>
      <line num="1179" type="stmt" count="3"/>
      <line num="1180" type="stmt" count="3"/>
      <line num="1181" type="stmt" count="3"/>
      <line num="1182" type="stmt" count="3"/>
      <line num="1183" type="stmt" count="3"/>
      <line num="1184" type="stmt" count="3"/>
      <line num="1185" type="stmt" count="3"/>
      <line num="1188" type="stmt" count="3"/>
      <line num="1189" type="stmt" count="3"/>
      <line num="1190" type="stmt" count="3"/>
      <line num="1191" type="stmt" count="3"/>
      <line num="1193" type="stmt" count="3"/>
      <line num="1206" type="stmt" count="4"/>
      <line num="1208" type="stmt" count="3"/>
      <line num="1211" type="stmt" count="3"/>
      <line num="1213" type="stmt" count="3"/>
      <line num="1216" type="stmt" count="3"/>
      <line num="1218" type="stmt" count="3"/>
      <line num="1220" type="stmt" count="3"/>
      <line num="1227" type="stmt" count="4"/>
      <line num="1239" type="stmt" count="3"/>
      <line num="1242" type="stmt" count="3"/>
      <line num="1243" type="stmt" count="3"/>
      <line num="1244" type="stmt" count="3"/>
      <line num="1247" type="stmt" count="3"/>
      <line num="1248" type="stmt" count="3"/>
      <line num="1249" type="stmt" count="3"/>
      <line num="1250" type="stmt" count="3"/>
      <line num="1251" type="stmt" count="3"/>
      <line num="1252" type="stmt" count="3"/>
      <line num="1253" type="stmt" count="3"/>
      <line num="1254" type="stmt" count="3"/>
      <line num="1255" type="stmt" count="3"/>
      <line num="1256" type="stmt" count="3"/>
      <line num="1257" type="stmt" count="3"/>
      <line num="1258" type="stmt" count="3"/>
      <line num="1259" type="stmt" count="3"/>
      <line num="1260" type="stmt" count="3"/>
      <line num="1261" type="stmt" count="3"/>
      <line num="1262" type="stmt" count="3"/>
      <line num="1263" type="stmt" count="3"/>
      <line num="1264" type="stmt" count="3"/>
      <line num="1265" type="stmt" count="3"/>
      <line num="1266" type="stmt" count="3"/>
      <line num="1267" type="stmt" count="3"/>
      <line num="1268" type="stmt" count="3"/>
      <line num="1269" type="stmt" count="3"/>
      <line num="1270" type="stmt" count="3"/>
      <line num="1271" type="stmt" count="3"/>
      <line num="1272" type="stmt" count="3"/>
      <line num="1273" type="stmt" count="3"/>
      <line num="1274" type="stmt" count="3"/>
      <line num="1275" type="stmt" count="3"/>
      <line num="1287" type="stmt" count="3"/>
      <line num="1288" type="stmt" count="3"/>
      <line num="1289" type="stmt" count="3"/>
      <line num="1291" type="stmt" count="3"/>
      <line num="1296" type="stmt" count="3"/>
      <line num="1297" type="stmt" count="3"/>
      <line num="1298" type="stmt" count="3"/>
      <line num="1302" type="stmt" count="3"/>
      <line num="1304" type="stmt" count="3"/>
      <line num="1305" type="stmt" count="3"/>
      <line num="1306" type="stmt" count="3"/>
      <line num="1313" type="stmt" count="4"/>
      <line num="1350" type="stmt" count="4"/>
      <line num="1356" type="stmt" count="3"/>
      <line num="1358" type="stmt" count="3"/>
      <line num="1360" type="stmt" count="3"/>
      <line num="1361" type="stmt" count="3"/>
      <line num="1362" type="stmt" count="3"/>
      <line num="1363" type="stmt" count="3"/>
      <line num="1364" type="stmt" count="3"/>
      <line num="1366" type="stmt" count="3"/>
      <line num="1367" type="stmt" count="3"/>
      <line num="1369" type="stmt" count="3"/>
      <line num="1370" type="stmt" count="3"/>
      <line num="1371" type="stmt" count="3"/>
      <line num="1372" type="stmt" count="3"/>
      <line num="1373" type="stmt" count="3"/>
      <line num="1374" type="stmt" count="3"/>
      <line num="1375" type="stmt" count="3"/>
      <line num="1376" type="stmt" count="3"/>
      <line num="1377" type="stmt" count="3"/>
      <line num="1378" type="stmt" count="3"/>
      <line num="1379" type="stmt" count="3"/>
      <line num="1380" type="stmt" count="3"/>
      <line num="1381" type="stmt" count="3"/>
      <line num="1382" type="stmt" count="3"/>
      <line num="1383" type="stmt" count="3"/>
      <line num="1384" type="stmt" count="3"/>
      <line num="1386" type="stmt" count="3"/>
      <line num="1387" type="stmt" count="3"/>
      <line num="1388" type="stmt" count="3"/>
      <line num="1390" type="stmt" count="3"/>
      <line num="1392" type="stmt" count="3"/>
      <line num="1393" type="stmt" count="2"/>
      <line num="1394" type="stmt" count="2"/>
      <line num="1395" type="stmt" count="2"/>
      <line num="1396" type="stmt" count="1"/>
      <line num="1397" type="stmt" count="1"/>
      <line num="1403" type="stmt" count="1"/>
      <line num="1408" type="stmt" count="2"/>
      <line num="1414" type="stmt" count="2"/>
      <line num="1417" type="stmt" count="2"/>
      <line num="1418" type="stmt" count="2"/>
      <line num="1419" type="stmt" count="0"/>
      <line num="1423" type="stmt" count="2"/>
      <line num="1425" type="stmt" count="2"/>
      <line num="1426" type="stmt" count="2"/>
      <line num="1429" type="stmt" count="2"/>
      <line num="1430" type="stmt" count="2"/>
      <line num="1433" type="stmt" count="2"/>
      <line num="1439" type="stmt" count="3"/>
      <line num="1440" type="stmt" count="1"/>
      <line num="1441" type="stmt" count="3"/>
      <line num="1442" type="stmt" count="1"/>
      <line num="1445" type="stmt" count="2"/>
      <line num="1452" type="stmt" count="1"/>
      <line num="1453" type="stmt" count="1"/>
      <line num="1454" type="stmt" count="0"/>
      <line num="1456" type="stmt" count="0"/>
      <line num="1459" type="stmt" count="1"/>
      <line num="1460" type="stmt" count="1"/>
      <line num="1462" type="stmt" count="1"/>
      <line num="1464" type="stmt" count="1"/>
      <line num="1465" type="stmt" count="0"/>
      <line num="1466" type="stmt" count="0"/>
      <line num="1467" type="stmt" count="0"/>
      <line num="1468" type="stmt" count="0"/>
      <line num="1471" type="stmt" count="1"/>
      <line num="1472" type="stmt" count="1"/>
      <line num="1473" type="stmt" count="1"/>
      <line num="1474" type="stmt" count="1"/>
      <line num="1475" type="stmt" count="1"/>
      <line num="1476" type="stmt" count="1"/>
      <line num="1479" type="stmt" count="1"/>
      <line num="1481" type="stmt" count="1"/>
      <line num="1488" type="stmt" count="2"/>
      <line num="1489" type="stmt" count="2"/>
      <line num="1491" type="stmt" count="2"/>
      <line num="1499" type="stmt" count="2"/>
      <line num="1500" type="stmt" count="2"/>
      <line num="1501" type="stmt" count="2"/>
      <line num="1502" type="stmt" count="2"/>
      <line num="1504" type="stmt" count="2"/>
      <line num="1505" type="stmt" count="2"/>
      <line num="1506" type="stmt" count="2"/>
      <line num="1507" type="stmt" count="2"/>
      <line num="1508" type="stmt" count="2"/>
      <line num="1509" type="stmt" count="2"/>
      <line num="1510" type="stmt" count="0"/>
      <line num="1512" type="stmt" count="2"/>
      <line num="1517" type="stmt" count="2"/>
      <line num="1518" type="stmt" count="2"/>
      <line num="1522" type="stmt" count="2"/>
      <line num="1523" type="stmt" count="2"/>
      <line num="1524" type="stmt" count="2"/>
      <line num="1525" type="stmt" count="2"/>
      <line num="1526" type="stmt" count="2"/>
      <line num="1527" type="stmt" count="2"/>
      <line num="1528" type="stmt" count="2"/>
      <line num="1529" type="stmt" count="2"/>
      <line num="1530" type="stmt" count="2"/>
      <line num="1531" type="stmt" count="2"/>
      <line num="1532" type="stmt" count="2"/>
      <line num="1533" type="stmt" count="2"/>
      <line num="1534" type="stmt" count="2"/>
      <line num="1535" type="stmt" count="2"/>
      <line num="1536" type="stmt" count="2"/>
      <line num="1537" type="stmt" count="2"/>
      <line num="1545" type="stmt" count="2"/>
      <line num="1547" type="stmt" count="2"/>
      <line num="1548" type="stmt" count="2"/>
      <line num="1549" type="stmt" count="2"/>
      <line num="1550" type="stmt" count="2"/>
      <line num="1551" type="stmt" count="2"/>
      <line num="1552" type="stmt" count="2"/>
      <line num="1553" type="stmt" count="2"/>
      <line num="1554" type="stmt" count="2"/>
      <line num="1555" type="stmt" count="2"/>
      <line num="1556" type="stmt" count="2"/>
      <line num="1557" type="stmt" count="2"/>
      <line num="1558" type="stmt" count="2"/>
      <line num="1567" type="stmt" count="1"/>
      <line num="1569" type="stmt" count="1"/>
      <line num="1570" type="stmt" count="1"/>
      <line num="1571" type="stmt" count="1"/>
      <line num="1573" type="stmt" count="1"/>
      <line num="1574" type="stmt" count="0"/>
      <line num="1576" type="stmt" count="0"/>
      <line num="1580" type="stmt" count="1"/>
      <line num="1581" type="stmt" count="1"/>
      <line num="1582" type="stmt" count="1"/>
      <line num="1583" type="stmt" count="1"/>
      <line num="1584" type="stmt" count="1"/>
      <line num="1588" type="stmt" count="1"/>
      <line num="1589" type="stmt" count="0"/>
      <line num="1591" type="stmt" count="0"/>
      <line num="1595" type="stmt" count="1"/>
      <line num="1596" type="stmt" count="1"/>
      <line num="1597" type="stmt" count="1"/>
      <line num="1598" type="stmt" count="1"/>
      <line num="1599" type="stmt" count="1"/>
      <line num="1600" type="stmt" count="1"/>
      <line num="1607" type="stmt" count="0"/>
      <line num="1608" type="stmt" count="0"/>
      <line num="1612" type="stmt" count="0"/>
      <line num="1615" type="stmt" count="0"/>
      <line num="1617" type="stmt" count="0"/>
      <line num="1625" type="stmt" count="0"/>
      <line num="1626" type="stmt" count="0"/>
      <line num="1629" type="stmt" count="0"/>
      <line num="1631" type="stmt" count="0"/>
      <line num="1634" type="stmt" count="0"/>
      <line num="1637" type="stmt" count="0"/>
      <line num="1640" type="stmt" count="0"/>
      <line num="1641" type="stmt" count="0"/>
      <line num="1644" type="stmt" count="0"/>
      <line num="1645" type="stmt" count="0"/>
      <line num="1646" type="stmt" count="0"/>
      <line num="1647" type="stmt" count="0"/>
      <line num="1653" type="stmt" count="0"/>
      <line num="1654" type="stmt" count="0"/>
      <line num="1656" type="stmt" count="0"/>
      <line num="1657" type="stmt" count="0"/>
      <line num="1660" type="stmt" count="0"/>
      <line num="1661" type="stmt" count="0"/>
      <line num="1663" type="stmt" count="0"/>
      <metrics loc="1665" ncloc="1473" classes="0" methods="0" coveredmethods="0" conditionals="0" coveredconditionals="0" statements="859" coveredstatements="651" elements="859" coveredelements="651"/>
    </file>
    <file name="/var/www/html/wp-content/plugins/onecom-themes-plugins/inc/update.php">
      <class name="ONECOMUPDATER" namespace="global">
        <metrics complexity="61" methods="15" coveredmethods="10" conditionals="0" coveredconditionals="0" statements="195" coveredstatements="187" elements="210" coveredelements="197"/>
      </class>
      <line num="56" type="method" name="__construct" visibility="public" complexity="1" crap="1" count="21"/>
      <line num="60" type="stmt" count="21"/>
      <line num="65" type="stmt" count="21"/>
      <line num="66" type="stmt" count="21"/>
      <line num="71" type="stmt" count="21"/>
      <line num="76" type="stmt" count="21"/>
      <line num="81" type="stmt" count="21"/>
      <line num="87" type="method" name="set_onecom_themes_plugins" visibility="public" complexity="1" crap="1" count="1"/>
      <line num="88" type="stmt" count="1"/>
      <line num="89" type="stmt" count="1"/>
      <line num="95" type="method" name="one_check_if_oc_plugin" visibility="public" complexity="5" crap="5.58" count="2"/>
      <line num="96" type="stmt" count="2"/>
      <line num="97" type="stmt" count="2"/>
      <line num="98" type="stmt" count="2"/>
      <line num="99" type="stmt" count="2"/>
      <line num="100" type="stmt" count="2"/>
      <line num="101" type="stmt" count="2"/>
      <line num="102" type="stmt" count="2"/>
      <line num="103" type="stmt" count="2"/>
      <line num="104" type="stmt" count="0"/>
      <line num="106" type="stmt" count="2"/>
      <line num="109" type="stmt" count="2"/>
      <line num="112" type="stmt" count="0"/>
      <line num="114" type="stmt" count="0"/>
      <line num="116" type="stmt" count="0"/>
      <line num="123" type="method" name="one_plugins_api_callback" visibility="public" complexity="7" crap="7.01" count="2"/>
      <line num="125" type="stmt" count="2"/>
      <line num="126" type="stmt" count="2"/>
      <line num="128" type="stmt" count="2"/>
      <line num="129" type="stmt" count="1"/>
      <line num="133" type="stmt" count="1"/>
      <line num="136" type="stmt" count="1"/>
      <line num="137" type="stmt" count="1"/>
      <line num="138" type="stmt" count="1"/>
      <line num="139" type="stmt" count="1"/>
      <line num="140" type="stmt" count="1"/>
      <line num="141" type="stmt" count="1"/>
      <line num="144" type="stmt" count="1"/>
      <line num="145" type="stmt" count="1"/>
      <line num="146" type="stmt" count="1"/>
      <line num="147" type="stmt" count="1"/>
      <line num="148" type="stmt" count="1"/>
      <line num="149" type="stmt" count="1"/>
      <line num="152" type="stmt" count="1"/>
      <line num="155" type="stmt" count="0"/>
      <line num="162" type="method" name="onecom_plugin_row_meta" visibility="public" complexity="5" crap="5.01" count="3"/>
      <line num="165" type="stmt" count="3"/>
      <line num="166" type="stmt" count="1"/>
      <line num="169" type="stmt" count="2"/>
      <line num="172" type="stmt" count="2"/>
      <line num="173" type="stmt" count="2"/>
      <line num="174" type="stmt" count="1"/>
      <line num="178" type="stmt" count="1"/>
      <line num="179" type="stmt" count="0"/>
      <line num="182" type="stmt" count="1"/>
      <line num="184" type="stmt" count="1"/>
      <line num="185" type="stmt" count="1"/>
      <line num="186" type="stmt" count="1"/>
      <line num="189" type="stmt" count="1"/>
      <line num="196" type="method" name="set_onecom_plugins" visibility="private" complexity="4" crap="4.03" count="2"/>
      <line num="198" type="stmt" count="2"/>
      <line num="199" type="stmt" count="2"/>
      <line num="201" type="stmt" count="2"/>
      <line num="203" type="stmt" count="2"/>
      <line num="204" type="stmt" count="0"/>
      <line num="207" type="stmt" count="2"/>
      <line num="208" type="stmt" count="2"/>
      <line num="213" type="stmt" count="2"/>
      <line num="219" type="method" name="set_onecom_themes" visibility="private" complexity="3" crap="3" count="1"/>
      <line num="220" type="stmt" count="1"/>
      <line num="221" type="stmt" count="1"/>
      <line num="222" type="stmt" count="1"/>
      <line num="223" type="stmt" count="1"/>
      <line num="231" type="method" name="get_current_version" visibility="private" complexity="3" crap="3" count="66"/>
      <line num="233" type="stmt" count="66"/>
[...]
      <line num="990" type="stmt" count="0"/>
      <line num="992" type="stmt" count="0"/>
      <line num="993" type="stmt" count="0"/>
      <line num="995" type="stmt" count="0"/>
      <line num="1005" type="stmt" count="0"/>
      <line num="1006" type="stmt" count="0"/>
      <line num="1008" type="stmt" count="0"/>
      <line num="1010" type="stmt" count="0"/>
      <line num="1011" type="stmt" count="0"/>
      <line num="1013" type="stmt" count="0"/>
      <line num="1035" type="stmt" count="0"/>
      <line num="1036" type="stmt" count="0"/>
      <line num="1037" type="stmt" count="0"/>
      <line num="1038" type="stmt" count="0"/>
      <line num="1039" type="stmt" count="0"/>
      <line num="1042" type="stmt" count="0"/>
      <line num="1043" type="stmt" count="0"/>
      <line num="1048" type="stmt" count="0"/>
      <line num="1049" type="stmt" count="0"/>
      <line num="1050" type="stmt" count="0"/>
      <line num="1052" type="stmt" count="0"/>
      <line num="1055" type="stmt" count="0"/>
      <line num="1059" type="stmt" count="0"/>
      <line num="1060" type="stmt" count="0"/>
      <line num="1062" type="stmt" count="0"/>
      <line num="1067" type="stmt" count="0"/>
      <line num="1069" type="stmt" count="0"/>
      <line num="1070" type="stmt" count="0"/>
      <line num="1071" type="stmt" count="0"/>
      <line num="1072" type="stmt" count="0"/>
      <line num="1073" type="stmt" count="0"/>
      <line num="1074" type="stmt" count="0"/>
      <line num="1075" type="stmt" count="0"/>
      <line num="1076" type="stmt" count="0"/>
      <line num="1078" type="stmt" count="0"/>
      <line num="1079" type="stmt" count="0"/>
      <line num="1080" type="stmt" count="0"/>
      <metrics loc="1083" ncloc="887" classes="0" methods="0" coveredmethods="0" conditionals="0" coveredconditionals="0" statements="406" coveredstatements="139" elements="406" coveredelements="139"/>
    </file>
    <file name="/var/www/html/wp-content/plugins/onecom-themes-plugins/templates/network/plugin-listing.php">
      <line num="1" type="stmt" count="1"/>
      <line num="2" type="stmt" count="1"/>
      <line num="3" type="stmt" count="1"/>
      <line num="4" type="stmt" count="1"/>
      <line num="5" type="stmt" count="1"/>
      <line num="6" type="stmt" count="1"/>
      <line num="7" type="stmt" count="1"/>
      <line num="8" type="stmt" count="1"/>
      <line num="10" type="stmt" count="1"/>
      <line num="11" type="stmt" count="1"/>
      <line num="12" type="stmt" count="0"/>
      <line num="15" type="stmt" count="1"/>
      <line num="18" type="stmt" count="1"/>
      <line num="21" type="stmt" count="1"/>
      <line num="22" type="stmt" count="1"/>
      <line num="23" type="stmt" count="1"/>
      <line num="25" type="stmt" count="1"/>
      <line num="27" type="stmt" count="1"/>
      <line num="29" type="stmt" count="1"/>
      <line num="30" type="stmt" count="0"/>
      <line num="33" type="stmt" count="1"/>
      <line num="34" type="stmt" count="1"/>
      <line num="35" type="stmt" count="1"/>
      <line num="36" type="stmt" count="1"/>
      <line num="37" type="stmt" count="1"/>
      <line num="38" type="stmt" count="1"/>
      <line num="40" type="stmt" count="1"/>
      <line num="44" type="stmt" count="1"/>
      <line num="45" type="stmt" count="1"/>
      <line num="46" type="stmt" count="1"/>
      <line num="47" type="stmt" count="1"/>
      <metrics loc="47" ncloc="45" classes="0" methods="0" coveredmethods="0" conditionals="0" coveredconditionals="0" statements="31" coveredstatements="29" elements="31" coveredelements="29"/>
    </file>
    <file name="/var/www/html/wp-content/plugins/onecom-themes-plugins/templates/network/theme-listing-loop.php">
      <line num="2" type="stmt" count="1"/>
      <line num="3" type="stmt" count="1"/>
      <line num="4" type="stmt" count="0"/>
      <line num="7" type="stmt" count="1"/>
      <line num="8" type="stmt" count="1"/>
      <line num="9" type="stmt" count="1"/>
      <line num="10" type="stmt" count="0"/>
      <line num="13" type="stmt" count="1"/>
      <line num="16" type="stmt" count="1"/>
      <line num="18" type="stmt" count="1"/>
      <line num="19" type="stmt" count="1"/>
      <line num="20" type="stmt" count="1"/>
      <line num="22" type="stmt" count="1"/>
      <line num="23" type="stmt" count="1"/>
      <line num="24" type="stmt" count="1"/>
      <line num="25" type="stmt" count="1"/>
      <line num="26" type="stmt" count="1"/>
      <line num="30" type="stmt" count="1"/>
      <line num="31" type="stmt" count="1"/>
      <line num="32" type="stmt" count="1"/>
      <line num="33" type="stmt" count="1"/>
      <line num="34" type="stmt" count="1"/>
      <line num="37" type="stmt" count="1"/>
      <line num="40" type="stmt" count="1"/>
      <line num="41" type="stmt" count="1"/>
      <line num="43" type="stmt" count="1"/>
      <line num="45" type="stmt" count="1"/>
      <line num="46" type="stmt" count="1"/>
      <line num="47" type="stmt" count="1"/>
      <line num="48" type="stmt" count="1"/>
      <line num="49" type="stmt" count="1"/>
      <line num="50" type="stmt" count="1"/>
      <line num="51" type="stmt" count="1"/>
      <line num="56" type="stmt" count="1"/>
      <line num="59" type="stmt" count="1"/>
      <line num="60" type="stmt" count="1"/>
      <line num="61" type="stmt" count="1"/>
      <line num="62" type="stmt" count="1"/>
      <line num="63" type="stmt" count="1"/>
      <line num="64" type="stmt" count="1"/>
      <line num="65" type="stmt" count="1"/>
      <line num="66" type="stmt" count="1"/>
      <line num="67" type="stmt" count="1"/>
      <line num="70" type="stmt" count="1"/>
      <line num="72" type="stmt" count="1"/>
      <line num="73" type="stmt" count="1"/>
      <line num="74" type="stmt" count="1"/>
      <line num="75" type="stmt" count="1"/>
      <line num="76" type="stmt" count="1"/>
      <line num="77" type="stmt" count="1"/>
      <line num="79" type="stmt" count="1"/>
      <line num="80" type="stmt" count="1"/>
      <line num="81" type="stmt" count="1"/>
      <line num="82" type="stmt" count="1"/>
      <line num="85" type="stmt" count="1"/>
      <line num="88" type="stmt" count="1"/>
      <line num="89" type="stmt" count="1"/>
      <line num="90" type="stmt" count="1"/>
      <line num="91" type="stmt" count="0"/>
      <line num="92" type="stmt" count="0"/>
      <line num="93" type="stmt" count="0"/>
      <line num="94" type="stmt" count="0"/>
      <line num="95" type="stmt" count="0"/>
      <line num="96" type="stmt" count="0"/>
      <line num="97" type="stmt" count="0"/>
      <line num="98" type="stmt" count="0"/>
      <line num="99" type="stmt" count="0"/>
      <line num="101" type="stmt" count="0"/>
      <line num="102" type="stmt" count="0"/>
      <line num="104" type="stmt" count="0"/>
      <line num="106" type="stmt" count="0"/>
      <line num="107" type="stmt" count="1"/>
      <line num="109" type="stmt" count="1"/>
      <line num="110" type="stmt" count="1"/>
      <line num="111" type="stmt" count="1"/>
      <line num="112" type="stmt" count="1"/>
      <line num="113" type="stmt" count="1"/>
      <line num="114" type="stmt" count="1"/>
      <line num="117" type="stmt" count="1"/>
      <line num="118" type="stmt" count="1"/>
      <metrics loc="121" ncloc="112" classes="0" methods="0" coveredmethods="0" conditionals="0" coveredconditionals="0" statements="80" coveredstatements="65" elements="80" coveredelements="65"/>
    </file>
    <file name="/var/www/html/wp-content/plugins/onecom-themes-plugins/templates/network/theme-listing.php">
      <line num="1" type="stmt" count="0"/>
      <line num="2" type="stmt" count="0"/>
      <line num="3" type="stmt" count="0"/>
      <line num="4" type="stmt" count="0"/>
      <line num="5" type="stmt" count="0"/>
      <line num="6" type="stmt" count="0"/>
      <line num="14" type="stmt" count="0"/>
      <line num="21" type="stmt" count="0"/>
      <line num="22" type="stmt" count="0"/>
      <line num="23" type="stmt" count="0"/>
      <line num="24" type="stmt" count="0"/>
      <line num="25" type="stmt" count="0"/>
      <line num="26" type="stmt" count="0"/>
      <line num="29" type="stmt" count="0"/>
      <line num="32" type="stmt" count="0"/>
      <line num="36" type="stmt" count="0"/>
      <line num="37" type="stmt" count="0"/>
      <line num="38" type="stmt" count="0"/>
      <line num="39" type="stmt" count="0"/>
      <line num="40" type="stmt" count="0"/>
      <line num="41" type="stmt" count="0"/>
      <line num="42" type="stmt" count="0"/>
      <line num="43" type="stmt" count="0"/>
      <line num="44" type="stmt" count="0"/>
      <line num="45" type="stmt" count="0"/>
      <line num="47" type="stmt" count="0"/>
      <line num="50" type="stmt" count="0"/>
      <line num="54" type="stmt" count="0"/>
      <line num="55" type="stmt" count="0"/>
      <line num="58" type="stmt" count="0"/>
      <line num="59" type="stmt" count="0"/>
      <line num="60" type="stmt" count="0"/>
      <line num="61" type="stmt" count="0"/>
      <line num="63" type="stmt" count="0"/>
      <line num="64" type="stmt" count="0"/>
      <line num="65" type="stmt" count="0"/>
      <line num="66" type="stmt" count="0"/>
      <line num="67" type="stmt" count="0"/>
      <line num="68" type="stmt" count="0"/>
      <line num="69" type="stmt" count="0"/>
      <line num="71" type="stmt" count="0"/>
      <line num="74" type="stmt" count="0"/>
      <line num="75" type="stmt" count="0"/>
      <line num="78" type="stmt" count="0"/>
      <line num="79" type="stmt" count="0"/>
      <line num="80" type="stmt" count="0"/>
      <line num="81" type="stmt" count="0"/>
      <line num="82" type="stmt" count="0"/>
      <line num="83" type="stmt" count="0"/>
      <line num="86" type="stmt" count="0"/>
      <line num="87" type="stmt" count="0"/>
      <line num="93" type="stmt" count="0"/>
      <line num="94" type="stmt" count="0"/>
      <line num="103" type="stmt" count="0"/>
      <line num="104" type="stmt" count="0"/>
      <line num="109" type="stmt" count="0"/>
      <line num="110" type="stmt" count="0"/>
      <line num="115" type="stmt" count="0"/>
      <line num="116" type="stmt" count="0"/>
      <line num="126" type="stmt" count="0"/>
      <line num="130" type="stmt" count="0"/>
      <line num="132" type="stmt" count="0"/>
      <line num="140" type="stmt" count="0"/>
      <line num="141" type="stmt" count="0"/>
      <line num="145" type="stmt" count="0"/>
      <line num="146" type="stmt" count="0"/>
      <line num="147" type="stmt" count="0"/>
      <line num="148" type="stmt" count="0"/>
      <line num="150" type="stmt" count="0"/>
      <line num="153" type="stmt" count="0"/>
      <line num="156" type="stmt" count="0"/>
      <line num="157" type="stmt" count="0"/>
      <line num="159" type="stmt" count="0"/>
      <line num="160" type="stmt" count="0"/>
      <line num="161" type="stmt" count="0"/>
      <line num="162" type="stmt" count="0"/>
      <line num="164" type="stmt" count="0"/>
      <line num="166" type="stmt" count="0"/>
      <line num="167" type="stmt" count="0"/>
      <line num="169" type="stmt" count="0"/>
      <line num="170" type="stmt" count="0"/>
      <line num="171" type="stmt" count="0"/>
      <line num="172" type="stmt" count="0"/>
      <line num="173" type="stmt" count="0"/>
      <line num="174" type="stmt" count="0"/>
      <line num="176" type="stmt" count="0"/>
      <line num="188" type="stmt" count="0"/>
      <line num="189" type="stmt" count="0"/>
      <line num="194" type="stmt" count="0"/>
      <line num="197" type="stmt" count="0"/>
      <line num="200" type="stmt" count="0"/>
      <metrics loc="209" ncloc="204" classes="0" methods="0" coveredmethods="0" conditionals="0" coveredconditionals="0" statements="91" coveredstatements="0" elements="91" coveredelements="0"/>
    </file>
    <file name="/var/www/html/wp-content/plugins/onecom-themes-plugins/templates/plugin-listing.php">
      <line num="1" type="stmt" count="1"/>
      <line num="2" type="stmt" count="1"/>
      <line num="3" type="stmt" count="1"/>
      <line num="4" type="stmt" count="1"/>
      <line num="5" type="stmt" count="1"/>
      <line num="6" type="stmt" count="1"/>
      <line num="7" type="stmt" count="1"/>
      <line num="8" type="stmt" count="1"/>
      <line num="10" type="stmt" count="1"/>
      <line num="11" type="stmt" count="1"/>
      <line num="12" type="stmt" count="0"/>
      <line num="15" type="stmt" count="1"/>
      <line num="18" type="stmt" count="1"/>
      <line num="21" type="stmt" count="1"/>
      <line num="22" type="stmt" count="1"/>
      <line num="23" type="stmt" count="1"/>
      <line num="25" type="stmt" count="1"/>
      <line num="27" type="stmt" count="1"/>
      <line num="29" type="stmt" count="1"/>
      <line num="30" type="stmt" count="0"/>
      <line num="33" type="stmt" count="1"/>
      <line num="34" type="stmt" count="1"/>
      <line num="35" type="stmt" count="1"/>
      <line num="36" type="stmt" count="1"/>
      <line num="37" type="stmt" count="1"/>
      <line num="38" type="stmt" count="1"/>
      <line num="40" type="stmt" count="1"/>
      <line num="44" type="stmt" count="1"/>
      <line num="45" type="stmt" count="1"/>
      <line num="46" type="stmt" count="1"/>
      <line num="47" type="stmt" count="1"/>
      <metrics loc="47" ncloc="45" classes="0" methods="0" coveredmethods="0" conditionals="0" coveredconditionals="0" statements="31" coveredstatements="29" elements="31" coveredelements="29"/>
    </file>
    <file name="/var/www/html/wp-content/plugins/onecom-themes-plugins/templates/theme-listing.php">
      <line num="1" type="stmt" count="1"/>
      <line num="2" type="stmt" count="1"/>
      <line num="3" type="stmt" count="1"/>
      <line num="4" type="stmt" count="1"/>
      <line num="5" type="stmt" count="1"/>
      <line num="6" type="stmt" count="1"/>
      <line num="14" type="stmt" count="1"/>
      <line num="21" type="stmt" count="1"/>
      <line num="22" type="stmt" count="1"/>
      <line num="23" type="stmt" count="1"/>
      <line num="24" type="stmt" count="1"/>
      <line num="25" type="stmt" count="1"/>
      <line num="26" type="stmt" count="1"/>
      <line num="29" type="stmt" count="1"/>
      <line num="32" type="stmt" count="1"/>
      <line num="36" type="stmt" count="1"/>
      <line num="37" type="stmt" count="1"/>
      <line num="38" type="stmt" count="1"/>
      <line num="39" type="stmt" count="1"/>
      <line num="40" type="stmt" count="1"/>
      <line num="41" type="stmt" count="1"/>
      <line num="42" type="stmt" count="1"/>
      <line num="44" type="stmt" count="1"/>
      <line num="47" type="stmt" count="1"/>
      <line num="50" type="stmt" count="0"/>
      <line num="54" type="stmt" count="1"/>
      <line num="55" type="stmt" count="0"/>
      <line num="58" type="stmt" count="1"/>
      <line num="59" type="stmt" count="1"/>
      <line num="60" type="stmt" count="1"/>
      <line num="61" type="stmt" count="1"/>
      <line num="63" type="stmt" count="1"/>
      <line num="64" type="stmt" count="1"/>
      <line num="65" type="stmt" count="1"/>
      <line num="66" type="stmt" count="1"/>
      <line num="67" type="stmt" count="1"/>
      <line num="68" type="stmt" count="1"/>
      <line num="69" type="stmt" count="1"/>
      <line num="71" type="stmt" count="1"/>
      <line num="74" type="stmt" count="1"/>
      <line num="75" type="stmt" count="1"/>
      <line num="78" type="stmt" count="1"/>
      <line num="79" type="stmt" count="1"/>
      <line num="80" type="stmt" count="1"/>
      <line num="81" type="stmt" count="1"/>
      <line num="82" type="stmt" count="1"/>
      <line num="83" type="stmt" count="1"/>
      <line num="86" type="stmt" count="1"/>
      <line num="87" type="stmt" count="1"/>
      <line num="93" type="stmt" count="1"/>
      <line num="94" type="stmt" count="1"/>
      <line num="103" type="stmt" count="1"/>
      <line num="104" type="stmt" count="1"/>
      <line num="109" type="stmt" count="1"/>
      <line num="110" type="stmt" count="1"/>
      <line num="115" type="stmt" count="1"/>
      <line num="116" type="stmt" count="1"/>
      <line num="126" type="stmt" count="1"/>
      <line num="130" type="stmt" count="1"/>
      <line num="132" type="stmt" count="1"/>
      <line num="140" type="stmt" count="1"/>
      <line num="141" type="stmt" count="1"/>
      <line num="145" type="stmt" count="1"/>
      <line num="146" type="stmt" count="1"/>
      <line num="147" type="stmt" count="1"/>
      <line num="148" type="stmt" count="1"/>
      <line num="150" type="stmt" count="1"/>
      <line num="153" type="stmt" count="1"/>
      <line num="156" type="stmt" count="1"/>
      <line num="157" type="stmt" count="1"/>
      <line num="159" type="stmt" count="1"/>
      <line num="160" type="stmt" count="1"/>
      <line num="161" type="stmt" count="1"/>
      <line num="162" type="stmt" count="1"/>
      <line num="164" type="stmt" count="1"/>
      <line num="166" type="stmt" count="1"/>
      <line num="167" type="stmt" count="1"/>
      <line num="169" type="stmt" count="1"/>
      <line num="170" type="stmt" count="1"/>
      <line num="171" type="stmt" count="1"/>
      <line num="172" type="stmt" count="1"/>
      <line num="173" type="stmt" count="1"/>
      <line num="174" type="stmt" count="1"/>
      <line num="176" type="stmt" count="1"/>
      <line num="180" type="stmt" count="1"/>
      <line num="186" type="stmt" count="1"/>
      <line num="187" type="stmt" count="1"/>
      <line num="192" type="stmt" count="1"/>
      <line num="195" type="stmt" count="1"/>
      <line num="198" type="stmt" count="1"/>
      <metrics loc="207" ncloc="200" classes="0" methods="0" coveredmethods="0" conditionals="0" coveredconditionals="0" statements="90" coveredstatements="88" elements="90" coveredelements="88"/>
    </file>
    <file name="/var/www/html/wp-content/plugins/onecom-themes-plugins/templates/wpapi-error.php">
      <line num="1" type="stmt" count="1"/>
      <line num="2" type="stmt" count="1"/>
      <line num="3" type="stmt" count="1"/>
      <line num="4" type="stmt" count="1"/>
      <line num="5" type="stmt" count="1"/>
      <line num="6" type="stmt" count="1"/>
      <line num="7" type="stmt" count="1"/>
      <line num="10" type="stmt" count="1"/>
      <line num="12" type="stmt" count="1"/>
      <line num="13" type="stmt" count="1"/>
      <line num="14" type="stmt" count="1"/>
      <line num="15" type="stmt" count="1"/>
      <line num="17" type="stmt" count="1"/>
      <line num="18" type="stmt" count="1"/>
      <line num="19" type="stmt" count="1"/>
      <metrics loc="19" ncloc="19" classes="0" methods="0" coveredmethods="0" conditionals="0" coveredconditionals="0" statements="15" coveredstatements="15" elements="15" coveredelements="15"/>
    </file>
    <file name="/var/www/html/wp-content/plugins/onecom-themes-plugins/templates/wpapi-themes-error.php">
      <line num="1" type="stmt" count="0"/>
      <line num="2" type="stmt" count="0"/>
      <line num="3" type="stmt" count="0"/>
      <line num="4" type="stmt" count="0"/>
      <line num="5" type="stmt" count="0"/>
      <line num="6" type="stmt" count="0"/>
      <line num="8" type="stmt" count="0"/>
      <metrics loc="12" ncloc="12" classes="0" methods="0" coveredmethods="0" conditionals="0" coveredconditionals="0" statements="7" coveredstatements="0" elements="7" coveredelements="0"/>
    </file>
    <metrics files="124" loc="25690" ncloc="21544" classes="85" methods="859" coveredmethods="466" conditionals="0" coveredconditionals="0" statements="11828" coveredstatements="9224" elements="12687" coveredelements="9690"/>
  </project>
</coverage>
